#
# There is insufficient memory for the Java Runtime Environment to continue.
# Native memory allocation (mmap) failed to map 100663296 bytes. Error detail: G1 virtual space
# Possible reasons:
#   The system is out of physical RAM or swap space
#   This process is running with CompressedOops enabled, and the Java Heap may be blocking the growth of the native heap
# Possible solutions:
#   Reduce memory load on the system
#   Increase physical memory or swap space
#   Check if swap backing store is full
#   Decrease Java heap size (-Xmx/-Xms)
#   Decrease number of Java threads
#   Decrease Java thread stack sizes (-Xss)
#   Set larger code cache with -XX:ReservedCodeCacheSize=
#   JVM is running with Unscaled Compressed Oops mode in which the Java heap is
#     placed in the first 4GB address space. The Java Heap base address is the
#     maximum limit for the native heap growth. Please use -XX:HeapBaseMinAddress
#     to set the Java Heap base and to place the Java Heap above 4GB virtual address.
# This output file may be truncated or incomplete.
#
#  Out of Memory Error (os_windows.cpp:3825), pid=9608, tid=16892
#
# JRE version:  (17.0.11+1) (build )
# Java VM: OpenJDK 64-Bit Server VM (17.0.11+1-b1207.24, mixed mode, sharing, tiered, compressed oops, compressed class ptrs, g1 gc, windows-amd64)
# No core dump will be written. Minidumps are not enabled by default on client versions of Windows
#

---------------  S U M M A R Y ------------

Command Line: git4idea.http.GitAskPassApp Username for 'https://github.com': 

Host: AMD Ryzen 3 3250U with Radeon Graphics         , 4 cores, 5G,  Windows 11 , 64 bit Build 22621 (10.0.22621.5262)
Time: Wed Jun 11 14:30:41 2025 India Standard Time elapsed time: 0.034030 seconds (0d 0h 0m 0s)

---------------  T H R E A D  ---------------

Current thread (0x000002873690c060):  JavaThread "Unknown thread" [_thread_in_vm, id=16892, stack(0x000000ebfe200000,0x000000ebfe300000)]

Stack: [0x000000ebfe200000,0x000000ebfe300000]
Native frames: (J=compiled Java code, j=interpreted, Vv=VM code, C=native code)
V  [jvm.dll+0x6877f9]
V  [jvm.dll+0x8411aa]
V  [jvm.dll+0x842e2e]
V  [jvm.dll+0x843493]
V  [jvm.dll+0x249fdf]
V  [jvm.dll+0x6845c9]
V  [jvm.dll+0x678e7a]
V  [jvm.dll+0x30ab4b]
V  [jvm.dll+0x311ff6]
V  [jvm.dll+0x361a5e]
V  [jvm.dll+0x361c8f]
V  [jvm.dll+0x2e0978]
V  [jvm.dll+0x2e18e4]
V  [jvm.dll+0x811c71]
V  [jvm.dll+0x36f7c8]
V  [jvm.dll+0x7f05f6]
V  [jvm.dll+0x3f398f]
V  [jvm.dll+0x3f5541]
C  [jli.dll+0x528f]
C  [ucrtbase.dll+0x29333]
C  [KERNEL32.DLL+0x1259d]
C  [ntdll.dll+0x5af58]


---------------  P R O C E S S  ---------------

Threads class SMR info:
_java_thread_list=0x00007ffd1658efd8, length=0, elements={
}

Java Threads: ( => current thread )

Other Threads:
  0x0000028736959cd0 GCTaskThread "GC Thread#0" [stack: 0x000000ebfe300000,0x000000ebfe400000] [id=16520]
  0x0000028736966a60 ConcurrentGCThread "G1 Main Marker" [stack: 0x000000ebfe400000,0x000000ebfe500000] [id=16940]
  0x0000028736967480 ConcurrentGCThread "G1 Conc#0" [stack: 0x000000ebfe500000,0x000000ebfe600000] [id=6124]

[error occurred during error reporting (printing all threads), id 0xc0000005, EXCEPTION_ACCESS_VIOLATION (0xc0000005) at pc=0x00007ffd15d41547]

VM state: not at safepoint (not fully initialized)

VM Mutex/Monitor currently owned by a thread:  ([mutex/lock_event])
[0x0000028736906bc0] Heap_lock - owner thread: 0x000002873690c060

Heap address: 0x00000000a0e00000, size: 1522 MB, Compressed Oops mode: 32-bit

CDS archive(s) mapped at: [0x0000000000000000-0x0000000000000000-0x0000000000000000), size 0, SharedBaseAddress: 0x0000000800000000, ArchiveRelocationMode: 1.
Narrow klass base: 0x0000000000000000, Narrow klass shift: 0, Narrow klass range: 0x0

GC Precious Log:
<Empty>

Heap:
 garbage-first heap   total 0K, used 0K [0x00000000a0e00000, 0x0000000100000000)
  region size 1024K, 0 young (0K), 0 survivors (0K)
 Metaspace       used 0K, committed 0K, reserved 0K
  class space    used 0K, committed 0K, reserved 0K

Heap Regions: E=young(eden), S=young(survivor), O=old, HS=humongous(starts), HC=humongous(continues), CS=collection set, F=free, OA=open archive, CA=closed archive, TAMS=top-at-mark-start (previous, next)

Card table byte_map: [0x0000028749390000,0x0000028749690000] _byte_map_base: 0x0000028748e89000

Marking Bits (Prev, Next): (CMBitMap*) 0x000002873695a2f0, (CMBitMap*) 0x000002873695a330
 Prev Bits: [0x0000028749990000, 0x000002874b158000)
 Next Bits: [0x000002874b160000, 0x000002874c928000)

GC Heap History (0 events):
No events

Dll operation events (1 events):
Event: 0.020 Loaded shared library C:\Program Files\JetBrains\IntelliJ IDEA Community Edition 2024.1.4\jbr\bin\java.dll

Deoptimization events (0 events):
No events

Classes unloaded (0 events):
No events

Classes redefined (0 events):
No events

Internal exceptions (0 events):
No events

VM Operations (0 events):
No events

Events (0 events):
No events


Dynamic libraries:
0x00007ff768220000 - 0x00007ff76822a000 	C:\Program Files\JetBrains\IntelliJ IDEA Community Edition 2024.1.4\jbr\bin\java.exe
0x00007ffd5d2b0000 - 0x00007ffd5d4c7000 	C:\WINDOWS\SYSTEM32\ntdll.dll
0x00007ffd5c440000 - 0x00007ffd5c504000 	C:\WINDOWS\System32\KERNEL32.DLL
0x00007ffd5a870000 - 0x00007ffd5ac43000 	C:\WINDOWS\System32\KERNELBASE.dll
0x00007ffd5ae20000 - 0x00007ffd5af31000 	C:\WINDOWS\System32\ucrtbase.dll
0x00007ffd52680000 - 0x00007ffd52697000 	C:\Program Files\JetBrains\IntelliJ IDEA Community Edition 2024.1.4\jbr\bin\jli.dll
0x00007ffd43f90000 - 0x00007ffd43fab000 	C:\Program Files\JetBrains\IntelliJ IDEA Community Edition 2024.1.4\jbr\bin\VCRUNTIME140.dll
0x00007ffd5b6a0000 - 0x00007ffd5b851000 	C:\WINDOWS\System32\USER32.dll
0x00007ffd5acf0000 - 0x00007ffd5ad16000 	C:\WINDOWS\System32\win32u.dll
0x00007ffd46cb0000 - 0x00007ffd46f4b000 	C:\WINDOWS\WinSxS\amd64_microsoft.windows.common-controls_6595b64144ccf1df_6.0.22621.5262_none_2712bde373830908\COMCTL32.dll
0x00007ffd5b3f0000 - 0x00007ffd5b419000 	C:\WINDOWS\System32\GDI32.dll
0x00007ffd5b5f0000 - 0x00007ffd5b697000 	C:\WINDOWS\System32\msvcrt.dll
0x00007ffd5a740000 - 0x00007ffd5a862000 	C:\WINDOWS\System32\gdi32full.dll
0x00007ffd5ac50000 - 0x00007ffd5acea000 	C:\WINDOWS\System32\msvcp_win.dll
0x00007ffd5af40000 - 0x00007ffd5af71000 	C:\WINDOWS\System32\IMM32.DLL
0x00007ffd52670000 - 0x00007ffd5267c000 	C:\Program Files\JetBrains\IntelliJ IDEA Community Edition 2024.1.4\jbr\bin\vcruntime140_1.dll
0x00007ffd223b0000 - 0x00007ffd2243d000 	C:\Program Files\JetBrains\IntelliJ IDEA Community Edition 2024.1.4\jbr\bin\msvcp140.dll
0x00007ffd15a50000 - 0x00007ffd166d3000 	C:\Program Files\JetBrains\IntelliJ IDEA Community Edition 2024.1.4\jbr\bin\server\jvm.dll
0x00007ffd5b330000 - 0x00007ffd5b3e1000 	C:\WINDOWS\System32\ADVAPI32.dll
0x00007ffd5b540000 - 0x00007ffd5b5e7000 	C:\WINDOWS\System32\sechost.dll
0x00007ffd5a3a0000 - 0x00007ffd5a3c8000 	C:\WINDOWS\System32\bcrypt.dll
0x00007ffd5b420000 - 0x00007ffd5b534000 	C:\WINDOWS\System32\RPCRT4.dll
0x00007ffd5a270000 - 0x00007ffd5a2bd000 	C:\WINDOWS\SYSTEM32\POWRPROF.dll
0x00007ffd574b0000 - 0x00007ffd574b9000 	C:\WINDOWS\SYSTEM32\WSOCK32.dll
0x00007ffd52dc0000 - 0x00007ffd52dca000 	C:\WINDOWS\SYSTEM32\VERSION.dll
0x00007ffd5cbd0000 - 0x00007ffd5cc41000 	C:\WINDOWS\System32\WS2_32.dll
0x00007ffd54f80000 - 0x00007ffd54fb4000 	C:\WINDOWS\SYSTEM32\WINMM.dll
0x00007ffd5a250000 - 0x00007ffd5a263000 	C:\WINDOWS\SYSTEM32\UMPDC.dll
0x00007ffd593e0000 - 0x00007ffd593f8000 	C:\WINDOWS\SYSTEM32\kernel.appcore.dll
0x00007ffd57470000 - 0x00007ffd5747a000 	C:\Program Files\JetBrains\IntelliJ IDEA Community Edition 2024.1.4\jbr\bin\jimage.dll
0x00007ffd533f0000 - 0x00007ffd53622000 	C:\WINDOWS\SYSTEM32\DBGHELP.DLL
0x00007ffd5c660000 - 0x00007ffd5c9f3000 	C:\WINDOWS\System32\combase.dll
0x00007ffd5c170000 - 0x00007ffd5c247000 	C:\WINDOWS\System32\OLEAUT32.dll
0x00007ffd3ec30000 - 0x00007ffd3ec62000 	C:\WINDOWS\SYSTEM32\dbgcore.DLL
0x00007ffd5ada0000 - 0x00007ffd5ae1b000 	C:\WINDOWS\System32\bcryptPrimitives.dll
0x00007ffd56650000 - 0x00007ffd56675000 	C:\Program Files\JetBrains\IntelliJ IDEA Community Edition 2024.1.4\jbr\bin\java.dll

dbghelp: loaded successfully - version: 4.0.5 - missing functions: none
symbol engine: initialized successfully - sym options: 0x614 - pdb path: .;C:\Program Files\JetBrains\IntelliJ IDEA Community Edition 2024.1.4\jbr\bin;C:\WINDOWS\SYSTEM32;C:\WINDOWS\WinSxS\amd64_microsoft.windows.common-controls_6595b64144ccf1df_6.0.22621.5262_none_2712bde373830908;C:\Program Files\JetBrains\IntelliJ IDEA Community Edition 2024.1.4\jbr\bin\server

VM Arguments:
java_command: git4idea.http.GitAskPassApp Username for 'https://github.com': 
java_class_path (initial): C:/Program Files/JetBrains/IntelliJ IDEA Community Edition 2024.1.4/plugins/vcs-git/lib/git4idea-rt.jar;C:/Program Files/JetBrains/IntelliJ IDEA Community Edition 2024.1.4/lib/externalProcess-rt.jar
Launcher Type: SUN_STANDARD

[Global flags]
     intx CICompilerCount                          = 3                                         {product} {ergonomic}
     uint ConcGCThreads                            = 1                                         {product} {ergonomic}
     uint G1ConcRefinementThreads                  = 4                                         {product} {ergonomic}
   size_t G1HeapRegionSize                         = 1048576                                   {product} {ergonomic}
    uintx GCDrainStackTargetSize                   = 64                                        {product} {ergonomic}
   size_t InitialHeapSize                          = 100663296                                 {product} {ergonomic}
   size_t MarkStackSize                            = 4194304                                   {product} {ergonomic}
   size_t MaxHeapSize                              = 1595932672                                {product} {ergonomic}
   size_t MinHeapDeltaBytes                        = 1048576                                   {product} {ergonomic}
   size_t MinHeapSize                              = 8388608                                   {product} {ergonomic}
    uintx NonNMethodCodeHeapSize                   = 5832780                                {pd product} {ergonomic}
    uintx NonProfiledCodeHeapSize                  = 122912730                              {pd product} {ergonomic}
    uintx ProfiledCodeHeapSize                     = 122912730                              {pd product} {ergonomic}
    uintx ReservedCodeCacheSize                    = 251658240                              {pd product} {ergonomic}
     bool SegmentedCodeCache                       = true                                      {product} {ergonomic}
   size_t SoftMaxHeapSize                          = 1595932672                             {manageable} {ergonomic}
     bool UseCompressedClassPointers               = true                           {product lp64_product} {ergonomic}
     bool UseCompressedOops                        = true                           {product lp64_product} {ergonomic}
     bool UseG1GC                                  = true                                      {product} {ergonomic}
     bool UseLargePagesIndividualAllocation        = false                                  {pd product} {ergonomic}

Logging:
Log output configuration:
 #0: stdout all=warning uptime,level,tags
 #1: stderr all=off uptime,level,tags

Environment Variables:
JAVA_HOME=C:\Program Files\Java\jdk-15.0.2
PATH=C:\Program Files\Git\mingw64\libexec\git-core;C:\Program Files\Git\mingw64\libexec\git-core;C:\Program Files\Git\mingw64\bin;C:\Program Files\Git\usr\bin;C:\Users\AAMEEN\bin;C:\Program Files\Common Files\Oracle\Java\javapath;C:\WINDOWS\system32;C:\WINDOWS;C:\WINDOWS\System32\Wbem;C:\WINDOWS\System32\WindowsPowerShell\v1.0;C:\WINDOWS\System32\OpenSSH;C:\Program Files\Java\jdk-15.0.2\bin;C:\Program Files\Git\cmd;C:\Program Files\MySQL\MySQL Server 8.0\bin;C:\Program Files\MySQL\MySQL Server 5.5\bin;C:\Users\AAMEEN\AppData\Local\Microsoft\WindowsApps;C:\Program Files\Java\jdk-17.0.1\bin;C:\Users\AAMEEN\AppData\Local\Programs\Microsoft VS Code\bin;C:\Program Files\JetBrains\IntelliJ IDEA Community Edition 2024.1.4\bin
USERNAME=AAMEEN
DISPLAY=:0.0
LC_ALL=en_US.UTF-8
TERM=xterm-256color
TMPDIR=C:\Users\AAMEEN\AppData\Local\Temp
OS=Windows_NT
PROCESSOR_IDENTIFIER=AMD64 Family 23 Model 24 Stepping 1, AuthenticAMD
TMP=C:\Users\AAMEEN\AppData\Local\Temp
TEMP=C:\Users\AAMEEN\AppData\Local\Temp



Periodic native trim disabled

JNI global refs:
JNI global refs: 0, weak refs: 0

JNI global refs memory usage: 0, weak refs: 0

Process memory usage:
Resident Set Size: 11688K (0% of 6232908K total physical memory with 149680K free physical memory)

OOME stack traces (most recent first):
Classloader memory used:


---------------  S Y S T E M  ---------------

OS:
 Windows 11 , 64 bit Build 22621 (10.0.22621.5262)
OS uptime: 0 days 1:53 hours

CPU: total 4 (initial active 4) (4 cores per cpu, 2 threads per core) family 23 model 24 stepping 1 microcode 0x0, cx8, cmov, fxsr, ht, mmx, 3dnowpref, sse, sse2, sse3, ssse3, sse4a, sse4.1, sse4.2, popcnt, lzcnt, tsc, tscinvbit, avx, avx2, aes, clmul, bmi1, bmi2, adx, sha, fma, vzeroupper, clflush, clflushopt
Processor Information for all 4 processors :
  Max Mhz: 2600, Current Mhz: 2600, Mhz Limit: 2600

Memory: 4k page, system-wide physical 6086M (145M free)
TotalPageFile size 10182M (AvailPageFile size 74M)
current process WorkingSet (physical memory assigned to process): 11M, peak: 11M
current process commit charge ("private bytes"): 51M, peak: 147M

vm_info: OpenJDK 64-Bit Server VM (17.0.11+1-b1207.24) for windows-amd64 JRE (17.0.11+1-b1207.24), built on 2024-05-15 by "builduser" with MS VC++ 16.10 / 16.11 (VS2019)

END.
