#
# There is insufficient memory for the Java Runtime Environment to continue.
# Native memory allocation (malloc) failed to allocate 191456 bytes. Error detail: Chunk::new
# Possible reasons:
#   The system is out of physical RAM or swap space
#   This process is running with CompressedOops enabled, and the Java Heap may be blocking the growth of the native heap
# Possible solutions:
#   Reduce memory load on the system
#   Increase physical memory or swap space
#   Check if swap backing store is full
#   Decrease Java heap size (-Xmx/-Xms)
#   Decrease number of Java threads
#   Decrease Java thread stack sizes (-Xss)
#   Set larger code cache with -XX:ReservedCodeCacheSize=
#   JVM is running with Unscaled Compressed Oops mode in which the Java heap is
#     placed in the first 4GB address space. The Java Heap base address is the
#     maximum limit for the native heap growth. Please use -XX:HeapBaseMinAddress
#     to set the Java Heap base and to place the Java Heap above 4GB virtual address.
# This output file may be truncated or incomplete.
#
#  Out of Memory Error (arena.cpp:191), pid=1592, tid=5108
#
# JRE version: OpenJDK Runtime Environment JBR-17.0.11+1-1207.24-jcef (17.0.11+1) (build 17.0.11+1-b1207.24)
# Java VM: OpenJDK 64-Bit Server VM JBR-17.0.11+1-1207.24-jcef (17.0.11+1-b1207.24, mixed mode, tiered, compressed oops, compressed class ptrs, g1 gc, windows-amd64)
# No core dump will be written. Minidumps are not enabled by default on client versions of Windows
#

---------------  S U M M A R Y ------------

Command Line: git4idea.http.GitAskPassApp Username for 'https://github.com': 

Host: AMD Ryzen 3 3250U with Radeon Graphics         , 4 cores, 5G,  Windows 11 , 64 bit Build 22621 (10.0.22621.5262)
Time: Wed Jun 11 14:25:57 2025 India Standard Time elapsed time: 0.527662 seconds (0d 0h 0m 0s)

---------------  T H R E A D  ---------------

Current thread (0x000002376901a330):  JavaThread "C2 CompilerThread0" daemon [_thread_in_native, id=5108, stack(0x000000e2f2b00000,0x000000e2f2c00000)]


Current CompileTask:
C2:    527  466 %     4       sun.security.provider.SHA::implCompress0 @ 218 (506 bytes)

Stack: [0x000000e2f2b00000,0x000000e2f2c00000]
Native frames: (J=compiled Java code, j=interpreted, Vv=VM code, C=native code)
V  [jvm.dll+0x6877f9]
V  [jvm.dll+0x8411aa]
V  [jvm.dll+0x842e2e]
V  [jvm.dll+0x843493]
V  [jvm.dll+0x249fdf]
V  [jvm.dll+0xac544]
V  [jvm.dll+0xacb8c]
V  [jvm.dll+0x2b15af]
V  [jvm.dll+0x58e827]
V  [jvm.dll+0x224492]
V  [jvm.dll+0x22488f]
V  [jvm.dll+0x21d9b0]
V  [jvm.dll+0x21aeb1]
V  [jvm.dll+0x1a637d]
V  [jvm.dll+0x22ae8e]
V  [jvm.dll+0x229015]
V  [jvm.dll+0x7f53a7]
V  [jvm.dll+0x7ef7aa]
V  [jvm.dll+0x686675]
C  [ucrtbase.dll+0x29333]
C  [KERNEL32.DLL+0x1259d]
C  [ntdll.dll+0x5af58]


---------------  P R O C E S S  ---------------

Threads class SMR info:
_java_thread_list=0x00000237691799b0, length=12, elements={
0x000002374c5ee300, 0x0000023764b18250, 0x0000023764b1a0e0, 0x0000023764b2f8a0,
0x0000023764b32270, 0x0000023764b32c30, 0x0000023764b335f0, 0x000002376901a330,
0x000002376901c280, 0x000002376901fc90, 0x0000023769197af0, 0x00000237691a9810
}

Java Threads: ( => current thread )
  0x000002374c5ee300 JavaThread "main" [_thread_in_vm, id=8532, stack(0x000000e2f1e00000,0x000000e2f1f00000)]
  0x0000023764b18250 JavaThread "Reference Handler" daemon [_thread_blocked, id=13788, stack(0x000000e2f2500000,0x000000e2f2600000)]
  0x0000023764b1a0e0 JavaThread "Finalizer" daemon [_thread_blocked, id=7612, stack(0x000000e2f2600000,0x000000e2f2700000)]
  0x0000023764b2f8a0 JavaThread "Signal Dispatcher" daemon [_thread_blocked, id=6216, stack(0x000000e2f2700000,0x000000e2f2800000)]
  0x0000023764b32270 JavaThread "Attach Listener" daemon [_thread_blocked, id=8060, stack(0x000000e2f2800000,0x000000e2f2900000)]
  0x0000023764b32c30 JavaThread "Service Thread" daemon [_thread_blocked, id=3536, stack(0x000000e2f2900000,0x000000e2f2a00000)]
  0x0000023764b335f0 JavaThread "Monitor Deflation Thread" daemon [_thread_blocked, id=7900, stack(0x000000e2f2a00000,0x000000e2f2b00000)]
=>0x000002376901a330 JavaThread "C2 CompilerThread0" daemon [_thread_in_native, id=5108, stack(0x000000e2f2b00000,0x000000e2f2c00000)]
  0x000002376901c280 JavaThread "C1 CompilerThread0" daemon [_thread_in_native, id=15848, stack(0x000000e2f2c00000,0x000000e2f2d00000)]
  0x000002376901fc90 JavaThread "Sweeper thread" daemon [_thread_blocked, id=10432, stack(0x000000e2f2d00000,0x000000e2f2e00000)]
  0x0000023769197af0 JavaThread "Notification Thread" daemon [_thread_blocked, id=3732, stack(0x000000e2f2e00000,0x000000e2f2f00000)]
  0x00000237691a9810 JavaThread "Common-Cleaner" daemon [_thread_blocked, id=8808, stack(0x000000e2f3000000,0x000000e2f3100000)]

Other Threads:
  0x0000023764af5e30 VMThread "VM Thread" [stack: 0x000000e2f2400000,0x000000e2f2500000] [id=6476]
  0x0000023769198be0 WatcherThread [stack: 0x000000e2f2f00000,0x000000e2f3000000] [id=15420]
  0x000002374c638ca0 GCTaskThread "GC Thread#0" [stack: 0x000000e2f1f00000,0x000000e2f2000000] [id=3632]
  0x000002374c646240 ConcurrentGCThread "G1 Main Marker" [stack: 0x000000e2f2000000,0x000000e2f2100000] [id=3300]
  0x000002374c646c60 ConcurrentGCThread "G1 Conc#0" [stack: 0x000000e2f2100000,0x000000e2f2200000] [id=11436]
  0x000002374c69d970 ConcurrentGCThread "G1 Refine#0" [stack: 0x000000e2f2200000,0x000000e2f2300000] [id=260]
  0x000002374c69e3a0 ConcurrentGCThread "G1 Service" [stack: 0x000000e2f2300000,0x000000e2f2400000] [id=10976]

Threads with active compile tasks:
C2 CompilerThread0      565  466 %     4       sun.security.provider.SHA::implCompress0 @ 218 (506 bytes)
C1 CompilerThread0      565  476       3       sun.security.provider.ByteArrayAccess::b2iBig64 (231 bytes)

VM state: not at safepoint (normal execution)

VM Mutex/Monitor currently owned by a thread: None

Heap address: 0x00000000a0e00000, size: 1522 MB, Compressed Oops mode: 32-bit

CDS archive(s) not mapped
Compressed class space mapped at: 0x0000000100000000-0x0000000140000000, reserved size: 1073741824
Narrow klass base: 0x0000000000000000, Narrow klass shift: 3, Narrow klass range: 0x140000000

GC Precious Log:
 CPUs: 4 total, 4 available
 Memory: 6086M
 Large Page Support: Disabled
 NUMA Support: Disabled
 Compressed Oops: Enabled (32-bit)
 Heap Region Size: 1M
 Heap Min Capacity: 8M
 Heap Initial Capacity: 96M
 Heap Max Capacity: 1522M
 Pre-touch: Disabled
 Parallel Workers: 4
 Concurrent Workers: 1
 Concurrent Refinement Workers: 4
 Periodic GC: Disabled

Heap:
 garbage-first heap   total 98304K, used 4096K [0x00000000a0e00000, 0x0000000100000000)
  region size 1024K, 5 young (5120K), 0 survivors (0K)
 Metaspace       used 9949K, committed 10112K, reserved 1114112K
  class space    used 936K, committed 1024K, reserved 1048576K

Heap Regions: E=young(eden), S=young(survivor), O=old, HS=humongous(starts), HC=humongous(continues), CS=collection set, F=free, OA=open archive, CA=closed archive, TAMS=top-at-mark-start (previous, next)
|   0|0x00000000a0e00000, 0x00000000a0e00000, 0x00000000a0f00000|  0%| F|  |TAMS 0x00000000a0e00000, 0x00000000a0e00000| Untracked 
|   1|0x00000000a0f00000, 0x00000000a0f00000, 0x00000000a1000000|  0%| F|  |TAMS 0x00000000a0f00000, 0x00000000a0f00000| Untracked 
|   2|0x00000000a1000000, 0x00000000a1000000, 0x00000000a1100000|  0%| F|  |TAMS 0x00000000a1000000, 0x00000000a1000000| Untracked 
|   3|0x00000000a1100000, 0x00000000a1100000, 0x00000000a1200000|  0%| F|  |TAMS 0x00000000a1100000, 0x00000000a1100000| Untracked 
|   4|0x00000000a1200000, 0x00000000a1200000, 0x00000000a1300000|  0%| F|  |TAMS 0x00000000a1200000, 0x00000000a1200000| Untracked 
|   5|0x00000000a1300000, 0x00000000a1300000, 0x00000000a1400000|  0%| F|  |TAMS 0x00000000a1300000, 0x00000000a1300000| Untracked 
|   6|0x00000000a1400000, 0x00000000a1400000, 0x00000000a1500000|  0%| F|  |TAMS 0x00000000a1400000, 0x00000000a1400000| Untracked 
|   7|0x00000000a1500000, 0x00000000a1500000, 0x00000000a1600000|  0%| F|  |TAMS 0x00000000a1500000, 0x00000000a1500000| Untracked 
|   8|0x00000000a1600000, 0x00000000a1600000, 0x00000000a1700000|  0%| F|  |TAMS 0x00000000a1600000, 0x00000000a1600000| Untracked 
|   9|0x00000000a1700000, 0x00000000a1700000, 0x00000000a1800000|  0%| F|  |TAMS 0x00000000a1700000, 0x00000000a1700000| Untracked 
|  10|0x00000000a1800000, 0x00000000a1800000, 0x00000000a1900000|  0%| F|  |TAMS 0x00000000a1800000, 0x00000000a1800000| Untracked 
|  11|0x00000000a1900000, 0x00000000a1900000, 0x00000000a1a00000|  0%| F|  |TAMS 0x00000000a1900000, 0x00000000a1900000| Untracked 
|  12|0x00000000a1a00000, 0x00000000a1a00000, 0x00000000a1b00000|  0%| F|  |TAMS 0x00000000a1a00000, 0x00000000a1a00000| Untracked 
|  13|0x00000000a1b00000, 0x00000000a1b00000, 0x00000000a1c00000|  0%| F|  |TAMS 0x00000000a1b00000, 0x00000000a1b00000| Untracked 
|  14|0x00000000a1c00000, 0x00000000a1c00000, 0x00000000a1d00000|  0%| F|  |TAMS 0x00000000a1c00000, 0x00000000a1c00000| Untracked 
|  15|0x00000000a1d00000, 0x00000000a1d00000, 0x00000000a1e00000|  0%| F|  |TAMS 0x00000000a1d00000, 0x00000000a1d00000| Untracked 
|  16|0x00000000a1e00000, 0x00000000a1e00000, 0x00000000a1f00000|  0%| F|  |TAMS 0x00000000a1e00000, 0x00000000a1e00000| Untracked 
|  17|0x00000000a1f00000, 0x00000000a1f00000, 0x00000000a2000000|  0%| F|  |TAMS 0x00000000a1f00000, 0x00000000a1f00000| Untracked 
|  18|0x00000000a2000000, 0x00000000a2000000, 0x00000000a2100000|  0%| F|  |TAMS 0x00000000a2000000, 0x00000000a2000000| Untracked 
|  19|0x00000000a2100000, 0x00000000a2100000, 0x00000000a2200000|  0%| F|  |TAMS 0x00000000a2100000, 0x00000000a2100000| Untracked 
|  20|0x00000000a2200000, 0x00000000a2200000, 0x00000000a2300000|  0%| F|  |TAMS 0x00000000a2200000, 0x00000000a2200000| Untracked 
|  21|0x00000000a2300000, 0x00000000a2300000, 0x00000000a2400000|  0%| F|  |TAMS 0x00000000a2300000, 0x00000000a2300000| Untracked 
|  22|0x00000000a2400000, 0x00000000a2400000, 0x00000000a2500000|  0%| F|  |TAMS 0x00000000a2400000, 0x00000000a2400000| Untracked 
|  23|0x00000000a2500000, 0x00000000a2500000, 0x00000000a2600000|  0%| F|  |TAMS 0x00000000a2500000, 0x00000000a2500000| Untracked 
|  24|0x00000000a2600000, 0x00000000a2600000, 0x00000000a2700000|  0%| F|  |TAMS 0x00000000a2600000, 0x00000000a2600000| Untracked 
|  25|0x00000000a2700000, 0x00000000a2700000, 0x00000000a2800000|  0%| F|  |TAMS 0x00000000a2700000, 0x00000000a2700000| Untracked 
|  26|0x00000000a2800000, 0x00000000a2800000, 0x00000000a2900000|  0%| F|  |TAMS 0x00000000a2800000, 0x00000000a2800000| Untracked 
|  27|0x00000000a2900000, 0x00000000a2900000, 0x00000000a2a00000|  0%| F|  |TAMS 0x00000000a2900000, 0x00000000a2900000| Untracked 
|  28|0x00000000a2a00000, 0x00000000a2a00000, 0x00000000a2b00000|  0%| F|  |TAMS 0x00000000a2a00000, 0x00000000a2a00000| Untracked 
|  29|0x00000000a2b00000, 0x00000000a2b00000, 0x00000000a2c00000|  0%| F|  |TAMS 0x00000000a2b00000, 0x00000000a2b00000| Untracked 
|  30|0x00000000a2c00000, 0x00000000a2c00000, 0x00000000a2d00000|  0%| F|  |TAMS 0x00000000a2c00000, 0x00000000a2c00000| Untracked 
|  31|0x00000000a2d00000, 0x00000000a2d00000, 0x00000000a2e00000|  0%| F|  |TAMS 0x00000000a2d00000, 0x00000000a2d00000| Untracked 
|  32|0x00000000a2e00000, 0x00000000a2e00000, 0x00000000a2f00000|  0%| F|  |TAMS 0x00000000a2e00000, 0x00000000a2e00000| Untracked 
|  33|0x00000000a2f00000, 0x00000000a2f00000, 0x00000000a3000000|  0%| F|  |TAMS 0x00000000a2f00000, 0x00000000a2f00000| Untracked 
|  34|0x00000000a3000000, 0x00000000a3000000, 0x00000000a3100000|  0%| F|  |TAMS 0x00000000a3000000, 0x00000000a3000000| Untracked 
|  35|0x00000000a3100000, 0x00000000a3100000, 0x00000000a3200000|  0%| F|  |TAMS 0x00000000a3100000, 0x00000000a3100000| Untracked 
|  36|0x00000000a3200000, 0x00000000a3200000, 0x00000000a3300000|  0%| F|  |TAMS 0x00000000a3200000, 0x00000000a3200000| Untracked 
|  37|0x00000000a3300000, 0x00000000a3300000, 0x00000000a3400000|  0%| F|  |TAMS 0x00000000a3300000, 0x00000000a3300000| Untracked 
|  38|0x00000000a3400000, 0x00000000a3400000, 0x00000000a3500000|  0%| F|  |TAMS 0x00000000a3400000, 0x00000000a3400000| Untracked 
|  39|0x00000000a3500000, 0x00000000a3500000, 0x00000000a3600000|  0%| F|  |TAMS 0x00000000a3500000, 0x00000000a3500000| Untracked 
|  40|0x00000000a3600000, 0x00000000a3600000, 0x00000000a3700000|  0%| F|  |TAMS 0x00000000a3600000, 0x00000000a3600000| Untracked 
|  41|0x00000000a3700000, 0x00000000a3700000, 0x00000000a3800000|  0%| F|  |TAMS 0x00000000a3700000, 0x00000000a3700000| Untracked 
|  42|0x00000000a3800000, 0x00000000a3800000, 0x00000000a3900000|  0%| F|  |TAMS 0x00000000a3800000, 0x00000000a3800000| Untracked 
|  43|0x00000000a3900000, 0x00000000a3900000, 0x00000000a3a00000|  0%| F|  |TAMS 0x00000000a3900000, 0x00000000a3900000| Untracked 
|  44|0x00000000a3a00000, 0x00000000a3a00000, 0x00000000a3b00000|  0%| F|  |TAMS 0x00000000a3a00000, 0x00000000a3a00000| Untracked 
|  45|0x00000000a3b00000, 0x00000000a3b00000, 0x00000000a3c00000|  0%| F|  |TAMS 0x00000000a3b00000, 0x00000000a3b00000| Untracked 
|  46|0x00000000a3c00000, 0x00000000a3c00000, 0x00000000a3d00000|  0%| F|  |TAMS 0x00000000a3c00000, 0x00000000a3c00000| Untracked 
|  47|0x00000000a3d00000, 0x00000000a3d00000, 0x00000000a3e00000|  0%| F|  |TAMS 0x00000000a3d00000, 0x00000000a3d00000| Untracked 
|  48|0x00000000a3e00000, 0x00000000a3e00000, 0x00000000a3f00000|  0%| F|  |TAMS 0x00000000a3e00000, 0x00000000a3e00000| Untracked 
|  49|0x00000000a3f00000, 0x00000000a3f00000, 0x00000000a4000000|  0%| F|  |TAMS 0x00000000a3f00000, 0x00000000a3f00000| Untracked 
|  50|0x00000000a4000000, 0x00000000a4000000, 0x00000000a4100000|  0%| F|  |TAMS 0x00000000a4000000, 0x00000000a4000000| Untracked 
|  51|0x00000000a4100000, 0x00000000a4100000, 0x00000000a4200000|  0%| F|  |TAMS 0x00000000a4100000, 0x00000000a4100000| Untracked 
|  52|0x00000000a4200000, 0x00000000a4200000, 0x00000000a4300000|  0%| F|  |TAMS 0x00000000a4200000, 0x00000000a4200000| Untracked 
|  53|0x00000000a4300000, 0x00000000a4300000, 0x00000000a4400000|  0%| F|  |TAMS 0x00000000a4300000, 0x00000000a4300000| Untracked 
|  54|0x00000000a4400000, 0x00000000a4400000, 0x00000000a4500000|  0%| F|  |TAMS 0x00000000a4400000, 0x00000000a4400000| Untracked 
|  55|0x00000000a4500000, 0x00000000a4500000, 0x00000000a4600000|  0%| F|  |TAMS 0x00000000a4500000, 0x00000000a4500000| Untracked 
|  56|0x00000000a4600000, 0x00000000a4600000, 0x00000000a4700000|  0%| F|  |TAMS 0x00000000a4600000, 0x00000000a4600000| Untracked 
|  57|0x00000000a4700000, 0x00000000a4700000, 0x00000000a4800000|  0%| F|  |TAMS 0x00000000a4700000, 0x00000000a4700000| Untracked 
|  58|0x00000000a4800000, 0x00000000a4800000, 0x00000000a4900000|  0%| F|  |TAMS 0x00000000a4800000, 0x00000000a4800000| Untracked 
|  59|0x00000000a4900000, 0x00000000a4900000, 0x00000000a4a00000|  0%| F|  |TAMS 0x00000000a4900000, 0x00000000a4900000| Untracked 
|  60|0x00000000a4a00000, 0x00000000a4a00000, 0x00000000a4b00000|  0%| F|  |TAMS 0x00000000a4a00000, 0x00000000a4a00000| Untracked 
|  61|0x00000000a4b00000, 0x00000000a4b00000, 0x00000000a4c00000|  0%| F|  |TAMS 0x00000000a4b00000, 0x00000000a4b00000| Untracked 
|  62|0x00000000a4c00000, 0x00000000a4c00000, 0x00000000a4d00000|  0%| F|  |TAMS 0x00000000a4c00000, 0x00000000a4c00000| Untracked 
|  63|0x00000000a4d00000, 0x00000000a4d00000, 0x00000000a4e00000|  0%| F|  |TAMS 0x00000000a4d00000, 0x00000000a4d00000| Untracked 
|  64|0x00000000a4e00000, 0x00000000a4e00000, 0x00000000a4f00000|  0%| F|  |TAMS 0x00000000a4e00000, 0x00000000a4e00000| Untracked 
|  65|0x00000000a4f00000, 0x00000000a4f00000, 0x00000000a5000000|  0%| F|  |TAMS 0x00000000a4f00000, 0x00000000a4f00000| Untracked 
|  66|0x00000000a5000000, 0x00000000a5000000, 0x00000000a5100000|  0%| F|  |TAMS 0x00000000a5000000, 0x00000000a5000000| Untracked 
|  67|0x00000000a5100000, 0x00000000a5100000, 0x00000000a5200000|  0%| F|  |TAMS 0x00000000a5100000, 0x00000000a5100000| Untracked 
|  68|0x00000000a5200000, 0x00000000a5200000, 0x00000000a5300000|  0%| F|  |TAMS 0x00000000a5200000, 0x00000000a5200000| Untracked 
|  69|0x00000000a5300000, 0x00000000a5300000, 0x00000000a5400000|  0%| F|  |TAMS 0x00000000a5300000, 0x00000000a5300000| Untracked 
|  70|0x00000000a5400000, 0x00000000a5400000, 0x00000000a5500000|  0%| F|  |TAMS 0x00000000a5400000, 0x00000000a5400000| Untracked 
|  71|0x00000000a5500000, 0x00000000a5500000, 0x00000000a5600000|  0%| F|  |TAMS 0x00000000a5500000, 0x00000000a5500000| Untracked 
|  72|0x00000000a5600000, 0x00000000a5600000, 0x00000000a5700000|  0%| F|  |TAMS 0x00000000a5600000, 0x00000000a5600000| Untracked 
|  73|0x00000000a5700000, 0x00000000a5700000, 0x00000000a5800000|  0%| F|  |TAMS 0x00000000a5700000, 0x00000000a5700000| Untracked 
|  74|0x00000000a5800000, 0x00000000a5800000, 0x00000000a5900000|  0%| F|  |TAMS 0x00000000a5800000, 0x00000000a5800000| Untracked 
|  75|0x00000000a5900000, 0x00000000a5900000, 0x00000000a5a00000|  0%| F|  |TAMS 0x00000000a5900000, 0x00000000a5900000| Untracked 
|  76|0x00000000a5a00000, 0x00000000a5a00000, 0x00000000a5b00000|  0%| F|  |TAMS 0x00000000a5a00000, 0x00000000a5a00000| Untracked 
|  77|0x00000000a5b00000, 0x00000000a5b00000, 0x00000000a5c00000|  0%| F|  |TAMS 0x00000000a5b00000, 0x00000000a5b00000| Untracked 
|  78|0x00000000a5c00000, 0x00000000a5c00000, 0x00000000a5d00000|  0%| F|  |TAMS 0x00000000a5c00000, 0x00000000a5c00000| Untracked 
|  79|0x00000000a5d00000, 0x00000000a5d00000, 0x00000000a5e00000|  0%| F|  |TAMS 0x00000000a5d00000, 0x00000000a5d00000| Untracked 
|  80|0x00000000a5e00000, 0x00000000a5e00000, 0x00000000a5f00000|  0%| F|  |TAMS 0x00000000a5e00000, 0x00000000a5e00000| Untracked 
|  81|0x00000000a5f00000, 0x00000000a5f00000, 0x00000000a6000000|  0%| F|  |TAMS 0x00000000a5f00000, 0x00000000a5f00000| Untracked 
|  82|0x00000000a6000000, 0x00000000a6000000, 0x00000000a6100000|  0%| F|  |TAMS 0x00000000a6000000, 0x00000000a6000000| Untracked 
|  83|0x00000000a6100000, 0x00000000a6100000, 0x00000000a6200000|  0%| F|  |TAMS 0x00000000a6100000, 0x00000000a6100000| Untracked 
|  84|0x00000000a6200000, 0x00000000a6200000, 0x00000000a6300000|  0%| F|  |TAMS 0x00000000a6200000, 0x00000000a6200000| Untracked 
|  85|0x00000000a6300000, 0x00000000a6300000, 0x00000000a6400000|  0%| F|  |TAMS 0x00000000a6300000, 0x00000000a6300000| Untracked 
|  86|0x00000000a6400000, 0x00000000a6400000, 0x00000000a6500000|  0%| F|  |TAMS 0x00000000a6400000, 0x00000000a6400000| Untracked 
|  87|0x00000000a6500000, 0x00000000a6500000, 0x00000000a6600000|  0%| F|  |TAMS 0x00000000a6500000, 0x00000000a6500000| Untracked 
|  88|0x00000000a6600000, 0x00000000a6600000, 0x00000000a6700000|  0%| F|  |TAMS 0x00000000a6600000, 0x00000000a6600000| Untracked 
|  89|0x00000000a6700000, 0x00000000a6700000, 0x00000000a6800000|  0%| F|  |TAMS 0x00000000a6700000, 0x00000000a6700000| Untracked 
|  90|0x00000000a6800000, 0x00000000a6800000, 0x00000000a6900000|  0%| F|  |TAMS 0x00000000a6800000, 0x00000000a6800000| Untracked 
|  91|0x00000000a6900000, 0x00000000a6a00000, 0x00000000a6a00000|100%| E|  |TAMS 0x00000000a6900000, 0x00000000a6900000| Complete 
|  92|0x00000000a6a00000, 0x00000000a6b00000, 0x00000000a6b00000|100%| E|CS|TAMS 0x00000000a6a00000, 0x00000000a6a00000| Complete 
|  93|0x00000000a6b00000, 0x00000000a6c00000, 0x00000000a6c00000|100%| E|CS|TAMS 0x00000000a6b00000, 0x00000000a6b00000| Complete 
|  94|0x00000000a6c00000, 0x00000000a6d00000, 0x00000000a6d00000|100%| E|CS|TAMS 0x00000000a6c00000, 0x00000000a6c00000| Complete 
|  95|0x00000000a6d00000, 0x00000000a6e00000, 0x00000000a6e00000|100%| E|CS|TAMS 0x00000000a6d00000, 0x00000000a6d00000| Complete 

Card table byte_map: [0x000002375f070000,0x000002375f370000] _byte_map_base: 0x000002375eb69000

Marking Bits (Prev, Next): (CMBitMap*) 0x000002374c6392c0, (CMBitMap*) 0x000002374c639300
 Prev Bits: [0x000002375f670000, 0x0000023760e38000)
 Next Bits: [0x0000023760e40000, 0x0000023762608000)

Polling page: 0x000002374a770000

Metaspace:

Usage:
  Non-class:      8.80 MB used.
      Class:    936.55 KB used.
       Both:      9.72 MB used.

Virtual space:
  Non-class space:       64.00 MB reserved,       8.88 MB ( 14%) committed,  1 nodes.
      Class space:        1.00 GB reserved,       1.00 MB ( <1%) committed,  1 nodes.
             Both:        1.06 GB reserved,       9.88 MB ( <1%) committed. 

Chunk freelists:
   Non-Class:  6.92 MB
       Class:  15.03 MB
        Both:  21.95 MB

MaxMetaspaceSize: unlimited
CompressedClassSpaceSize: 1.00 GB
Initial GC threshold: 21.00 MB
Current GC threshold: 21.00 MB
CDS: off
MetaspaceReclaimPolicy: balanced
 - commit_granule_bytes: 65536.
 - commit_granule_words: 8192.
 - virtual_space_node_default_size: 8388608.
 - enlarge_chunks_in_place: 1.
 - new_chunks_are_fully_committed: 0.
 - uncommit_free_chunks: 1.
 - use_allocation_guard: 0.
 - handle_deallocations: 1.


Internal statistics:

num_allocs_failed_limit: 0.
num_arena_births: 28.
num_arena_deaths: 0.
num_vsnodes_births: 2.
num_vsnodes_deaths: 0.
num_space_committed: 158.
num_space_uncommitted: 0.
num_chunks_returned_to_freelist: 0.
num_chunks_taken_from_freelist: 66.
num_chunk_merges: 0.
num_chunk_splits: 33.
num_chunks_enlarged: 18.
num_inconsistent_stats: 0.

CodeHeap 'non-profiled nmethods': size=120000Kb used=131Kb max_used=131Kb free=119868Kb
 bounds [0x0000023757840000, 0x0000023757ab0000, 0x000002375ed70000]
CodeHeap 'profiled nmethods': size=120000Kb used=682Kb max_used=682Kb free=119317Kb
 bounds [0x000002374fd70000, 0x000002374ffe0000, 0x00000237572a0000]
CodeHeap 'non-nmethods': size=5760Kb used=1142Kb max_used=1157Kb free=4617Kb
 bounds [0x00000237572a0000, 0x0000023757510000, 0x0000023757840000]
 total_blobs=903 nmethods=473 adapters=343
 compilation: enabled
              stopped_count=0, restarted_count=0
 full_count=0

Compilation events (20 events):
Event: 0.516 Thread 0x000002376901c280 nmethod 463 0x000002374fe17d10 code [0x000002374fe17ea0, 0x000002374fe17fd8]
Event: 0.516 Thread 0x000002376901c280  464       3       java.util.Random::nextBoolean (14 bytes)
Event: 0.516 Thread 0x000002376901c280 nmethod 464 0x000002374fe18090 code [0x000002374fe18240, 0x000002374fe18468]
Event: 0.516 Thread 0x000002376901c280  468       3       java.lang.invoke.MethodType$ConcurrentWeakInternSet::expungeStaleElements (27 bytes)
Event: 0.517 Thread 0x000002376901c280 nmethod 468 0x000002374fe18510 code [0x000002374fe186e0, 0x000002374fe18bb8]
Event: 0.517 Thread 0x000002376901c280  465       3       java.util.Random::next (47 bytes)
Event: 0.517 Thread 0x000002376901c280 nmethod 465 0x000002374fe18d90 code [0x000002374fe18f40, 0x000002374fe191c8]
Event: 0.517 Thread 0x000002376901c280  470       3       java.lang.invoke.LambdaForm$BasicType::basicType (19 bytes)
Event: 0.518 Thread 0x000002376901c280 nmethod 470 0x000002374fe19310 code [0x000002374fe194e0, 0x000002374fe19738]
Event: 0.518 Thread 0x000002376901c280  471       3       jdk.internal.misc.Unsafe::allocateUninitializedArray (55 bytes)
Event: 0.518 Thread 0x000002376901c280 nmethod 471 0x000002374fe19890 code [0x000002374fe19a80, 0x000002374fe19ed8]
Event: 0.518 Thread 0x000002376901c280  473       3       java.lang.Object::equals (11 bytes)
Event: 0.518 Thread 0x000002376901c280 nmethod 473 0x000002374fe1a090 code [0x000002374fe1a220, 0x000002374fe1a398]
Event: 0.518 Thread 0x000002376901c280  472       3       jdk.internal.org.objectweb.asm.SymbolTable::addConstantClass (8 bytes)
Event: 0.518 Thread 0x000002376901c280 nmethod 472 0x000002374fe1a410 code [0x000002374fe1a5a0, 0x000002374fe1a6e8]
Event: 0.518 Thread 0x000002376901a330 nmethod 462 0x0000023757860910 code [0x0000023757860a80, 0x0000023757860bf8]
Event: 0.518 Thread 0x000002376901a330  466 %     4       sun.security.provider.SHA::implCompress0 @ 218 (506 bytes)
Event: 0.520 Thread 0x000002376901c280  475       2       java.lang.Integer::reverseBytes (28 bytes)
Event: 0.520 Thread 0x000002376901c280 nmethod 475 0x000002374fe1a790 code [0x000002374fe1a920, 0x000002374fe1aa38]
Event: 0.520 Thread 0x000002376901c280  476       3       sun.security.provider.ByteArrayAccess::b2iBig64 (231 bytes)

GC Heap History (0 events):
No events

Dll operation events (1 events):
Event: 0.011 Loaded shared library C:\Program Files\JetBrains\IntelliJ IDEA Community Edition 2024.1.4\jbr\bin\java.dll

Deoptimization events (6 events):
Event: 0.501 Thread 0x000002374c5ee300 DEOPT PACKING pc=0x000002374fda862d sp=0x000000e2f1efdc40
Event: 0.501 Thread 0x000002374c5ee300 DEOPT UNPACKING pc=0x00000237572f7143 sp=0x000000e2f1efd0d8 mode 0
Event: 0.521 Thread 0x000002374c5ee300 Uncommon trap: trap_request=0xffffff45 fr.pc=0x000002375785f274 relative=0x0000000000000074
Event: 0.521 Thread 0x000002374c5ee300 Uncommon trap: reason=unstable_if action=reinterpret pc=0x000002375785f274 method=jdk.internal.misc.Unsafe.convEndian(ZI)I @ 4 c2
Event: 0.521 Thread 0x000002374c5ee300 DEOPT PACKING pc=0x000002375785f274 sp=0x000000e2f1efdc00
Event: 0.521 Thread 0x000002374c5ee300 DEOPT UNPACKING pc=0x00000237572f69a3 sp=0x000000e2f1efdb30 mode 2

Classes unloaded (0 events):
No events

Classes redefined (0 events):
No events

Internal exceptions (9 events):
Event: 0.275 Thread 0x000002374c5ee300 Exception <a 'sun/nio/fs/WindowsException'{0x00000000a6b94518}> (0x00000000a6b94518) 
thrown [s\src\hotspot\share\prims\jni.cpp, line 531]
Event: 0.300 Thread 0x000002374c5ee300 Exception <a 'java/lang/NoSuchMethodError'{0x00000000a6bbfd60}: 'int java.lang.invoke.DirectMethodHandle$Holder.invokeStaticInit(java.lang.Object, java.lang.Object, java.lang.Object, java.lang.Object)'> (0x00000000a6bbfd60) 
thrown [s\src\hotspot\share\interpreter\linkResolver.cpp, line 771]
Event: 0.304 Thread 0x000002374c5ee300 Exception <a 'java/lang/NoSuchMethodError'{0x00000000a6bcac40}: 'java.lang.Object java.lang.invoke.DirectMethodHandle$Holder.invokeInterface(java.lang.Object, java.lang.Object)'> (0x00000000a6bcac40) 
thrown [s\src\hotspot\share\interpreter\linkResolver.cpp, line 771]
Event: 0.304 Thread 0x000002374c5ee300 Exception <a 'java/lang/IncompatibleClassChangeError'{0x00000000a6bce560}: Found class java.lang.Object, but interface was expected> (0x00000000a6bce560) 
thrown [s\src\hotspot\share\interpreter\linkResolver.cpp, line 838]
Event: 0.306 Thread 0x000002374c5ee300 Exception <a 'java/lang/NoSuchMethodError'{0x00000000a6bd1910}: 'void java.lang.invoke.DirectMethodHandle$Holder.invokeStatic(java.lang.Object, java.lang.Object)'> (0x00000000a6bd1910) 
thrown [s\src\hotspot\share\interpreter\linkResolver.cpp, line 771]
Event: 0.306 Thread 0x000002374c5ee300 Exception <a 'java/lang/NoSuchMethodError'{0x00000000a6bd5228}: 'void java.lang.invoke.DirectMethodHandle$Holder.invokeStaticInit(java.lang.Object, java.lang.Object)'> (0x00000000a6bd5228) 
thrown [s\src\hotspot\share\interpreter\linkResolver.cpp, line 771]
Event: 0.309 Thread 0x000002374c5ee300 Exception <a 'java/lang/NoSuchMethodError'{0x00000000a6bdbae0}: 'int java.lang.invoke.DirectMethodHandle$Holder.invokeStaticInit(java.lang.Object, java.lang.Object)'> (0x00000000a6bdbae0) 
thrown [s\src\hotspot\share\interpreter\linkResolver.cpp, line 771]
Event: 0.383 Thread 0x000002374c5ee300 Exception <a 'java/lang/NoSuchMethodError'{0x00000000a6ac2cb0}: 'java.lang.Object java.lang.invoke.DirectMethodHandle$Holder.invokeStaticInit(java.lang.Object, int, int, int, int)'> (0x00000000a6ac2cb0) 
thrown [s\src\hotspot\share\interpreter\linkResolver.cpp, line 771]
Event: 0.517 Thread 0x000002374c5ee300 Exception <a 'java/lang/NoSuchMethodError'{0x00000000a69afd18}: 'java.lang.Object java.lang.invoke.DirectMethodHandle$Holder.invokeStaticInit(java.lang.Object, java.lang.Object, int, int, int, int)'> (0x00000000a69afd18) 
thrown [s\src\hotspot\share\interpreter\linkResolver.cpp, line 771]

VM Operations (6 events):
Event: 0.141 Executing VM operation: HandshakeAllThreads
Event: 0.141 Executing VM operation: HandshakeAllThreads done
Event: 0.160 Executing VM operation: HandshakeAllThreads
Event: 0.160 Executing VM operation: HandshakeAllThreads done
Event: 0.403 Executing VM operation: HandshakeAllThreads
Event: 0.403 Executing VM operation: HandshakeAllThreads done

Events (20 events):
Event: 0.406 loading class java/net/InetAddress$NameService done
Event: 0.406 loading class java/net/InetAddress$PlatformNameService done
Event: 0.406 loading class java/net/Inet4Address
Event: 0.406 loading class java/net/Inet4Address done
Event: 0.406 loading class java/net/Inet6Address
Event: 0.406 loading class java/net/Inet6Address done
Event: 0.407 loading class java/net/Inet6Address$Inet6AddressHolder
Event: 0.407 loading class java/net/Inet6Address$Inet6AddressHolder done
Event: 0.407 loading class java/net/DefaultInterface
Event: 0.407 loading class java/net/DefaultInterface done
Event: 0.438 loading class java/net/NetworkInterface$1
Event: 0.438 loading class java/net/NetworkInterface$1 done
Event: 0.493 loading class java/nio/file/Files$AcceptAllFilter
Event: 0.493 loading class java/nio/file/Files$AcceptAllFilter done
Event: 0.519 loading class sun/security/provider/AbstractDrbg$NonceProvider
Event: 0.519 loading class sun/security/provider/AbstractDrbg$NonceProvider done
Event: 0.519 loading class sun/security/provider/SHA2$SHA256
Event: 0.519 loading class sun/security/provider/SHA2
Event: 0.519 loading class sun/security/provider/SHA2 done
Event: 0.519 loading class sun/security/provider/SHA2$SHA256 done


Dynamic libraries:
0x00007ff7f1330000 - 0x00007ff7f133a000 	C:\Program Files\JetBrains\IntelliJ IDEA Community Edition 2024.1.4\jbr\bin\java.exe
0x00007ffd5d2b0000 - 0x00007ffd5d4c7000 	C:\WINDOWS\SYSTEM32\ntdll.dll
0x00007ffd5c440000 - 0x00007ffd5c504000 	C:\WINDOWS\System32\KERNEL32.DLL
0x00007ffd5a870000 - 0x00007ffd5ac43000 	C:\WINDOWS\System32\KERNELBASE.dll
0x00007ffd5ae20000 - 0x00007ffd5af31000 	C:\WINDOWS\System32\ucrtbase.dll
0x00007ffd2d420000 - 0x00007ffd2d43b000 	C:\Program Files\JetBrains\IntelliJ IDEA Community Edition 2024.1.4\jbr\bin\VCRUNTIME140.dll
0x00007ffd319c0000 - 0x00007ffd319d7000 	C:\Program Files\JetBrains\IntelliJ IDEA Community Edition 2024.1.4\jbr\bin\jli.dll
0x00007ffd5b6a0000 - 0x00007ffd5b851000 	C:\WINDOWS\System32\USER32.dll
0x00007ffd5acf0000 - 0x00007ffd5ad16000 	C:\WINDOWS\System32\win32u.dll
0x00007ffd5b3f0000 - 0x00007ffd5b419000 	C:\WINDOWS\System32\GDI32.dll
0x00007ffd5a740000 - 0x00007ffd5a862000 	C:\WINDOWS\System32\gdi32full.dll
0x00007ffd5ac50000 - 0x00007ffd5acea000 	C:\WINDOWS\System32\msvcp_win.dll
0x00007ffd46cb0000 - 0x00007ffd46f4b000 	C:\WINDOWS\WinSxS\amd64_microsoft.windows.common-controls_6595b64144ccf1df_6.0.22621.5262_none_2712bde373830908\COMCTL32.dll
0x00007ffd5b5f0000 - 0x00007ffd5b697000 	C:\WINDOWS\System32\msvcrt.dll
0x00007ffd5af40000 - 0x00007ffd5af71000 	C:\WINDOWS\System32\IMM32.DLL
0x00007ffd568b0000 - 0x00007ffd568bc000 	C:\Program Files\JetBrains\IntelliJ IDEA Community Edition 2024.1.4\jbr\bin\vcruntime140_1.dll
0x00007ffd1e8f0000 - 0x00007ffd1e97d000 	C:\Program Files\JetBrains\IntelliJ IDEA Community Edition 2024.1.4\jbr\bin\msvcp140.dll
0x00007ffcafc60000 - 0x00007ffcb08e3000 	C:\Program Files\JetBrains\IntelliJ IDEA Community Edition 2024.1.4\jbr\bin\server\jvm.dll
0x00007ffd5b330000 - 0x00007ffd5b3e1000 	C:\WINDOWS\System32\ADVAPI32.dll
0x00007ffd5b540000 - 0x00007ffd5b5e7000 	C:\WINDOWS\System32\sechost.dll
0x00007ffd5a3a0000 - 0x00007ffd5a3c8000 	C:\WINDOWS\System32\bcrypt.dll
0x00007ffd5b420000 - 0x00007ffd5b534000 	C:\WINDOWS\System32\RPCRT4.dll
0x00007ffd5a270000 - 0x00007ffd5a2bd000 	C:\WINDOWS\SYSTEM32\POWRPROF.dll
0x00007ffd57470000 - 0x00007ffd57479000 	C:\WINDOWS\SYSTEM32\WSOCK32.dll
0x00007ffd5cbd0000 - 0x00007ffd5cc41000 	C:\WINDOWS\System32\WS2_32.dll
0x00007ffd54f80000 - 0x00007ffd54fb4000 	C:\WINDOWS\SYSTEM32\WINMM.dll
0x00007ffd52dc0000 - 0x00007ffd52dca000 	C:\WINDOWS\SYSTEM32\VERSION.dll
0x00007ffd5a250000 - 0x00007ffd5a263000 	C:\WINDOWS\SYSTEM32\UMPDC.dll
0x00007ffd593e0000 - 0x00007ffd593f8000 	C:\WINDOWS\SYSTEM32\kernel.appcore.dll
0x00007ffd566a0000 - 0x00007ffd566aa000 	C:\Program Files\JetBrains\IntelliJ IDEA Community Edition 2024.1.4\jbr\bin\jimage.dll
0x00007ffd533f0000 - 0x00007ffd53622000 	C:\WINDOWS\SYSTEM32\DBGHELP.DLL
0x00007ffd5c660000 - 0x00007ffd5c9f3000 	C:\WINDOWS\System32\combase.dll
0x00007ffd5c170000 - 0x00007ffd5c247000 	C:\WINDOWS\System32\OLEAUT32.dll
0x00007ffd3ec30000 - 0x00007ffd3ec62000 	C:\WINDOWS\SYSTEM32\dbgcore.DLL
0x00007ffd5ada0000 - 0x00007ffd5ae1b000 	C:\WINDOWS\System32\bcryptPrimitives.dll
0x00007ffd56670000 - 0x00007ffd56695000 	C:\Program Files\JetBrains\IntelliJ IDEA Community Edition 2024.1.4\jbr\bin\java.dll
0x00007ffd56650000 - 0x00007ffd56668000 	C:\Program Files\JetBrains\IntelliJ IDEA Community Edition 2024.1.4\jbr\bin\zip.dll
0x00007ffd5b880000 - 0x00007ffd5c11d000 	C:\WINDOWS\System32\SHELL32.dll
0x00007ffd5a490000 - 0x00007ffd5a5cf000 	C:\WINDOWS\System32\wintypes.dll
0x00007ffd582e0000 - 0x00007ffd58bfd000 	C:\WINDOWS\SYSTEM32\windows.storage.dll
0x00007ffd5af80000 - 0x00007ffd5b08b000 	C:\WINDOWS\System32\SHCORE.dll
0x00007ffd5b090000 - 0x00007ffd5b0f6000 	C:\WINDOWS\System32\shlwapi.dll
0x00007ffd5a2d0000 - 0x00007ffd5a2fb000 	C:\WINDOWS\SYSTEM32\profapi.dll
0x00007ffd56630000 - 0x00007ffd56649000 	C:\Program Files\JetBrains\IntelliJ IDEA Community Edition 2024.1.4\jbr\bin\net.dll
0x00007ffd541a0000 - 0x00007ffd542cc000 	C:\WINDOWS\SYSTEM32\WINHTTP.dll
0x00007ffd59860000 - 0x00007ffd598ca000 	C:\WINDOWS\system32\mswsock.dll
0x00007ffd56610000 - 0x00007ffd56626000 	C:\Program Files\JetBrains\IntelliJ IDEA Community Edition 2024.1.4\jbr\bin\nio.dll
0x00007ffd565f0000 - 0x00007ffd565fe000 	C:\Program Files\JetBrains\IntelliJ IDEA Community Edition 2024.1.4\jbr\bin\sunmscapi.dll
0x00007ffd5a5d0000 - 0x00007ffd5a737000 	C:\WINDOWS\System32\CRYPT32.dll
0x00007ffd59c70000 - 0x00007ffd59c9d000 	C:\WINDOWS\SYSTEM32\ncrypt.dll
0x00007ffd59c30000 - 0x00007ffd59c67000 	C:\WINDOWS\SYSTEM32\NTASN1.dll
0x00007ffd59ac0000 - 0x00007ffd59adb000 	C:\WINDOWS\SYSTEM32\CRYPTSP.dll
0x00007ffd59340000 - 0x00007ffd59377000 	C:\WINDOWS\system32\rsaenh.dll
0x00007ffd59950000 - 0x00007ffd59978000 	C:\WINDOWS\SYSTEM32\USERENV.dll
0x00007ffd59ab0000 - 0x00007ffd59abc000 	C:\WINDOWS\SYSTEM32\CRYPTBASE.dll
0x00007ffd58e60000 - 0x00007ffd58e8d000 	C:\WINDOWS\SYSTEM32\IPHLPAPI.DLL
0x00007ffd5b870000 - 0x00007ffd5b879000 	C:\WINDOWS\System32\NSI.dll
0x00007ffd53630000 - 0x00007ffd53649000 	C:\WINDOWS\SYSTEM32\dhcpcsvc6.DLL
0x00007ffd53390000 - 0x00007ffd533af000 	C:\WINDOWS\SYSTEM32\dhcpcsvc.DLL
0x00007ffd58ed0000 - 0x00007ffd58fc8000 	C:\WINDOWS\SYSTEM32\DNSAPI.dll

dbghelp: loaded successfully - version: 4.0.5 - missing functions: none
symbol engine: initialized successfully - sym options: 0x614 - pdb path: .;C:\Program Files\JetBrains\IntelliJ IDEA Community Edition 2024.1.4\jbr\bin;C:\WINDOWS\SYSTEM32;C:\WINDOWS\WinSxS\amd64_microsoft.windows.common-controls_6595b64144ccf1df_6.0.22621.5262_none_2712bde373830908;C:\Program Files\JetBrains\IntelliJ IDEA Community Edition 2024.1.4\jbr\bin\server

VM Arguments:
java_command: git4idea.http.GitAskPassApp Username for 'https://github.com': 
java_class_path (initial): C:/Program Files/JetBrains/IntelliJ IDEA Community Edition 2024.1.4/plugins/vcs-git/lib/git4idea-rt.jar;C:/Program Files/JetBrains/IntelliJ IDEA Community Edition 2024.1.4/lib/externalProcess-rt.jar
Launcher Type: SUN_STANDARD

[Global flags]
     intx CICompilerCount                          = 3                                         {product} {ergonomic}
     uint ConcGCThreads                            = 1                                         {product} {ergonomic}
     uint G1ConcRefinementThreads                  = 4                                         {product} {ergonomic}
   size_t G1HeapRegionSize                         = 1048576                                   {product} {ergonomic}
    uintx GCDrainStackTargetSize                   = 64                                        {product} {ergonomic}
   size_t InitialHeapSize                          = 100663296                                 {product} {ergonomic}
   size_t MarkStackSize                            = 4194304                                   {product} {ergonomic}
   size_t MaxHeapSize                              = 1595932672                                {product} {ergonomic}
   size_t MaxNewSize                               = 957349888                                 {product} {ergonomic}
   size_t MinHeapDeltaBytes                        = 1048576                                   {product} {ergonomic}
   size_t MinHeapSize                              = 8388608                                   {product} {ergonomic}
    uintx NonNMethodCodeHeapSize                   = 5832780                                {pd product} {ergonomic}
    uintx NonProfiledCodeHeapSize                  = 122912730                              {pd product} {ergonomic}
    uintx ProfiledCodeHeapSize                     = 122912730                              {pd product} {ergonomic}
    uintx ReservedCodeCacheSize                    = 251658240                              {pd product} {ergonomic}
     bool SegmentedCodeCache                       = true                                      {product} {ergonomic}
   size_t SoftMaxHeapSize                          = 1595932672                             {manageable} {ergonomic}
     bool UseCompressedClassPointers               = true                           {product lp64_product} {ergonomic}
     bool UseCompressedOops                        = true                           {product lp64_product} {ergonomic}
     bool UseG1GC                                  = true                                      {product} {ergonomic}
     bool UseLargePagesIndividualAllocation        = false                                  {pd product} {ergonomic}

Logging:
Log output configuration:
 #0: stdout all=warning uptime,level,tags
 #1: stderr all=off uptime,level,tags

Environment Variables:
JAVA_HOME=C:\Program Files\Java\jdk-15.0.2
PATH=C:\Program Files\Git\mingw64\libexec\git-core;C:\Program Files\Git\mingw64\libexec\git-core;C:\Program Files\Git\mingw64\bin;C:\Program Files\Git\usr\bin;C:\Users\AAMEEN\bin;C:\Program Files\Common Files\Oracle\Java\javapath;C:\WINDOWS\system32;C:\WINDOWS;C:\WINDOWS\System32\Wbem;C:\WINDOWS\System32\WindowsPowerShell\v1.0;C:\WINDOWS\System32\OpenSSH;C:\Program Files\Java\jdk-15.0.2\bin;C:\Program Files\Git\cmd;C:\Program Files\MySQL\MySQL Server 8.0\bin;C:\Program Files\MySQL\MySQL Server 5.5\bin;C:\Users\AAMEEN\AppData\Local\Microsoft\WindowsApps;C:\Program Files\Java\jdk-17.0.1\bin;C:\Users\AAMEEN\AppData\Local\Programs\Microsoft VS Code\bin;C:\Program Files\JetBrains\IntelliJ IDEA Community Edition 2024.1.4\bin
USERNAME=AAMEEN
DISPLAY=:0.0
LC_ALL=en_US.UTF-8
TERM=xterm-256color
TMPDIR=C:\Users\AAMEEN\AppData\Local\Temp
OS=Windows_NT
PROCESSOR_IDENTIFIER=AMD64 Family 23 Model 24 Stepping 1, AuthenticAMD
TMP=C:\Users\AAMEEN\AppData\Local\Temp
TEMP=C:\Users\AAMEEN\AppData\Local\Temp



Periodic native trim disabled

JNI global refs:
JNI global refs: 17, weak refs: 0

JNI global refs memory usage: 843, weak refs: 209

Process memory usage:
Resident Set Size: 50648K (0% of 6232908K total physical memory with 413388K free physical memory)

OOME stack traces (most recent first):
Classloader memory used:
Loader bootstrap                                                                       : 1223K
Loader jdk.internal.loader.ClassLoaders$PlatformClassLoader                            : 18514B
Loader jdk.internal.loader.ClassLoaders$AppClassLoader                                 : 1808B


---------------  S Y S T E M  ---------------

OS:
 Windows 11 , 64 bit Build 22621 (10.0.22621.5262)
OS uptime: 0 days 1:48 hours

CPU: total 4 (initial active 4) (4 cores per cpu, 2 threads per core) family 23 model 24 stepping 1 microcode 0x0, cx8, cmov, fxsr, ht, mmx, 3dnowpref, sse, sse2, sse3, ssse3, sse4a, sse4.1, sse4.2, popcnt, lzcnt, tsc, tscinvbit, avx, avx2, aes, clmul, bmi1, bmi2, adx, sha, fma, vzeroupper, clflush, clflushopt
Processor Information for all 4 processors :
  Max Mhz: 2600, Current Mhz: 2600, Mhz Limit: 2600

Memory: 4k page, system-wide physical 6086M (413M free)
TotalPageFile size 10182M (AvailPageFile size 13M)
current process WorkingSet (physical memory assigned to process): 49M, peak: 49M
current process commit charge ("private bytes"): 171M, peak: 172M

vm_info: OpenJDK 64-Bit Server VM (17.0.11+1-b1207.24) for windows-amd64 JRE (17.0.11+1-b1207.24), built on 2024-05-15 by "builduser" with MS VC++ 16.10 / 16.11 (VS2019)

END.
