#
# There is insufficient memory for the Java Runtime Environment to continue.
# Native memory allocation (mmap) failed to map 65536 bytes. Error detail: Failed to commit metaspace.
# Possible reasons:
#   The system is out of physical RAM or swap space
#   This process is running with CompressedOops enabled, and the Java Heap may be blocking the growth of the native heap
# Possible solutions:
#   Reduce memory load on the system
#   Increase physical memory or swap space
#   Check if swap backing store is full
#   Decrease Java heap size (-Xmx/-Xms)
#   Decrease number of Java threads
#   Decrease Java thread stack sizes (-Xss)
#   Set larger code cache with -XX:ReservedCodeCacheSize=
#   JVM is running with Unscaled Compressed Oops mode in which the Java heap is
#     placed in the first 4GB address space. The Java Heap base address is the
#     maximum limit for the native heap growth. Please use -XX:HeapBaseMinAddress
#     to set the Java Heap base and to place the Java Heap above 4GB virtual address.
# This output file may be truncated or incomplete.
#
#  Out of Memory Error (virtualSpaceNode.cpp:110), pid=14372, tid=6364
#
# JRE version: OpenJDK Runtime Environment JBR-17.0.11+1-1207.24-jcef (17.0.11+1) (build 17.0.11+1-b1207.24)
# Java VM: OpenJDK 64-Bit Server VM JBR-17.0.11+1-1207.24-jcef (17.0.11+1-b1207.24, mixed mode, tiered, compressed oops, compressed class ptrs, g1 gc, windows-amd64)
# No core dump will be written. Minidumps are not enabled by default on client versions of Windows
#

---------------  S U M M A R Y ------------

Command Line: git4idea.http.GitAskPassApp Username for 'https://github.com': 

Host: AMD Ryzen 3 3250U with Radeon Graphics         , 4 cores, 5G,  Windows 11 , 64 bit Build 22621 (10.0.22621.3672)
Time: Mon Aug 12 16:35:26 2024 India Standard Time elapsed time: 0.952673 seconds (0d 0h 0m 0s)

---------------  T H R E A D  ---------------

Current thread (0x0000019f3fb0fe40):  JavaThread "main" [_thread_in_vm, id=6364, stack(0x00000030c9a00000,0x00000030c9b00000)]

Stack: [0x00000030c9a00000,0x00000030c9b00000]
Native frames: (J=compiled Java code, j=interpreted, Vv=VM code, C=native code)
V  [jvm.dll+0x6877f9]
V  [jvm.dll+0x8411aa]
V  [jvm.dll+0x842e2e]
V  [jvm.dll+0x843493]
V  [jvm.dll+0x249fdf]
V  [jvm.dll+0x83c03b]
V  [jvm.dll+0x62bc86]
V  [jvm.dll+0x62bcea]
V  [jvm.dll+0x62e51a]
V  [jvm.dll+0x62c626]
V  [jvm.dll+0x1ed31e]
V  [jvm.dll+0x1edd45]
V  [jvm.dll+0x1e31fc]
V  [jvm.dll+0x54c22c]
V  [jvm.dll+0x1f3d7b]
V  [jvm.dll+0x7b975b]
V  [jvm.dll+0x7babc9]
V  [jvm.dll+0x7bb443]
V  [jvm.dll+0x1ee1b4]
V  [jvm.dll+0x1e3215]
V  [jvm.dll+0x54c22c]
V  [jvm.dll+0x1f3d7b]
V  [jvm.dll+0x7b975b]
V  [jvm.dll+0x7babc9]
V  [jvm.dll+0x7bb443]
V  [jvm.dll+0x1ee1b4]
V  [jvm.dll+0x1e3215]
V  [jvm.dll+0x54c22c]
V  [jvm.dll+0x1f3d7b]
V  [jvm.dll+0x7b975b]
V  [jvm.dll+0x7babc9]
V  [jvm.dll+0x7baf18]
V  [jvm.dll+0x241a0e]
V  [jvm.dll+0x385eae]
C  0x0000019f4bfab745

The last pc belongs to new (printed below).
Java frames: (J=compiled Java code, j=interpreted, Vv=VM code)
j  java.util.concurrent.locks.ReentrantLock.<init>()V+5 java.base@17.0.11
j  sun.security.ssl.SSLContextImpl.<init>()V+29 java.base@17.0.11
j  sun.security.ssl.SSLContextImpl$AbstractTLSContext.<init>()V+1 java.base@17.0.11
j  sun.security.ssl.SSLContextImpl$CustomizedTLSContext.<init>()V+1 java.base@17.0.11
j  sun.security.ssl.SSLContextImpl$TLSContext.<init>()V+1 java.base@17.0.11
v  ~StubRoutines::call_stub
j  jdk.internal.reflect.NativeConstructorAccessorImpl.newInstance0(Ljava/lang/reflect/Constructor;[Ljava/lang/Object;)Ljava/lang/Object;+0 java.base@17.0.11
j  jdk.internal.reflect.NativeConstructorAccessorImpl.newInstance([Ljava/lang/Object;)Ljava/lang/Object;+118 java.base@17.0.11
j  jdk.internal.reflect.DelegatingConstructorAccessorImpl.newInstance([Ljava/lang/Object;)Ljava/lang/Object;+5 java.base@17.0.11
j  java.lang.reflect.Constructor.newInstanceWithCaller([Ljava/lang/Object;ZLjava/lang/Class;)Ljava/lang/Object;+65 java.base@17.0.11
j  java.lang.reflect.Constructor.newInstance([Ljava/lang/Object;)Ljava/lang/Object;+30 java.base@17.0.11
j  java.security.Provider$Service.newInstanceOf()Ljava/lang/Object;+9 java.base@17.0.11
j  java.security.Provider$Service.newInstanceUtil(Ljava/lang/Class;Ljava/lang/Object;)Ljava/lang/Object;+5 java.base@17.0.11
j  java.security.Provider$Service.newInstance(Ljava/lang/Object;)Ljava/lang/Object;+227 java.base@17.0.11
j  sun.security.jca.GetInstance.getInstance(Ljava/security/Provider$Service;Ljava/lang/Class;)Lsun/security/jca/GetInstance$Instance;+2 java.base@17.0.11
j  sun.security.jca.GetInstance.getInstance(Ljava/lang/String;Ljava/lang/Class;Ljava/lang/String;)Lsun/security/jca/GetInstance$Instance;+56 java.base@17.0.11
j  javax.net.ssl.SSLContext.getInstance(Ljava/lang/String;)Ljavax/net/ssl/SSLContext;+12 java.base@17.0.11
j  externalApp.ExternalAppUtil.sendIdeRequest(Ljava/lang/String;ILjava/lang/String;Ljava/lang/String;)LexternalApp/ExternalAppUtil$Result;+34
j  git4idea.http.GitAskPassApp.main([Ljava/lang/String;)V+37
v  ~StubRoutines::call_stub
new  187 new  [0x0000019f4bfab5c0, 0x0000019f4bfab7e0]  544 bytes
[MachCode]
  0x0000019f4bfab5c0: 4883 ec08 | c5fa 1104 | 24eb 1f48 | 83ec 10c5 | fb11 0424 | eb14 4883 | ec10 4889 | 0424 48c7 
  0x0000019f4bfab5e0: 4424 0800 | 0000 00eb | 0150 410f | b755 010f | cac1 ea10 | 488b 4de8 | 488b 4908 | 488b 4908 
  0x0000019f4bfab600: 488b 4108 | 807c 1004 | 070f 85d6 | 0000 0066 | 8b54 d148 | 488b 4928 | 488b 4cd1 | 0851 80b9 
  0x0000019f4bfab620: 5b01 0000 | 040f 85b9 | 0000 008b | 5108 f7c2 | 0100 0000 | 0f85 aa00 | 0000 498b | 8708 0100 
  0x0000019f4bfab640: 0048 8d1c | 1049 3b9f | 1801 0000 | 0f87 9200 | 0000 4989 | 9f08 0100 | 00e9 0000 | 0000 4883 
  0x0000019f4bfab660: ea10 0f84 | 0f00 0000 | 33c9 c1ea | 0348 894c | d008 48ff | ca75 f648 | c700 0100 | 0000 5933 
  0x0000019f4bfab680: f689 700c | 48c1 e903 | 8948 0849 | ba69 3aa6 | 94fc 7f00 | 0041 803a | 000f 8440 | 0000 0050 
  0x0000019f4bfab6a0: 488b c848 | 83ec 20f7 | c40f 0000 | 000f 841a | 0000 0048 | 83ec 0849 | ba10 e25b | 94fc 7f00 
  0x0000019f4bfab6c0: 0041 ffd2 | 4883 c408 | e90d 0000 | 0049 ba10 | e25b 94fc | 7f00 0041 | ffd2 4883 | c420 58e9 
  0x0000019f4bfab6e0: cd00 0000 | 5948 8b55 | e848 8b52 | 0848 8b52 | 0845 0fb7 | 4501 410f | c841 c1e8 | 10e8 0500 
  0x0000019f4bfab700: 0000 e9aa | 0000 0048 | 8d44 2408 | 4c89 6dc0 | 498b cfc5 | f877 4989 | afa8 0200 | 0049 8987 
  0x0000019f4bfab720: 9802 0000 | 4883 ec20 | f7c4 0f00 | 0000 0f84 | 1a00 0000 | 4883 ec08 | 49ba 605e | 2594 fc7f 
  0x0000019f4bfab740: 0000 41ff | d248 83c4 | 08e9 0d00 | 0000 49ba | 605e 2594 | fc7f 0000 | 41ff d248 | 83c4 2049 
  0x0000019f4bfab760: c787 9802 | 0000 0000 | 0000 49c7 | 87a8 0200 | 0000 0000 | 0049 c787 | a002 0000 | 0000 0000 
  0x0000019f4bfab780: c5f8 7749 | 817f 0800 | 0000 000f | 8405 0000 | 00e9 6a57 | feff 498b | 87f0 0200 | 0049 c787 
  0x0000019f4bfab7a0: f002 0000 | 0000 0000 | 4c8b 6dc0 | 4c8b 75c8 | c341 0fb6 | 5d03 4983 | c503 49ba | 40a7 a894 
  0x0000019f4bfab7c0: fc7f 0000 | 41ff 24da | 0000 0000 | 0000 0000 | 0000 0000 | 0000 0000 | 0000 0000 | 0000 0000 
[/MachCode]

---------------  P R O C E S S  ---------------

Threads class SMR info:
_java_thread_list=0x0000019f5a379a80, length=12, elements={
0x0000019f3fb0fe40, 0x0000019f59f99250, 0x0000019f59f9b0e0, 0x0000019f59fb46f0,
0x0000019f59fb71c0, 0x0000019f59fb7b80, 0x0000019f59fb8540, 0x0000019f5a219f20,
0x0000019f5a2390d0, 0x0000019f5a2442b0, 0x0000019f5a38fc20, 0x0000019f5a390bb0
}

Java Threads: ( => current thread )
=>0x0000019f3fb0fe40 JavaThread "main" [_thread_in_vm, id=6364, stack(0x00000030c9a00000,0x00000030c9b00000)]
  0x0000019f59f99250 JavaThread "Reference Handler" daemon [_thread_blocked, id=16344, stack(0x00000030ca100000,0x00000030ca200000)]
  0x0000019f59f9b0e0 JavaThread "Finalizer" daemon [_thread_blocked, id=2684, stack(0x00000030ca200000,0x00000030ca300000)]
  0x0000019f59fb46f0 JavaThread "Signal Dispatcher" daemon [_thread_blocked, id=4564, stack(0x00000030ca300000,0x00000030ca400000)]
  0x0000019f59fb71c0 JavaThread "Attach Listener" daemon [_thread_blocked, id=4596, stack(0x00000030ca400000,0x00000030ca500000)]
  0x0000019f59fb7b80 JavaThread "Service Thread" daemon [_thread_blocked, id=12340, stack(0x00000030ca500000,0x00000030ca600000)]
  0x0000019f59fb8540 JavaThread "Monitor Deflation Thread" daemon [_thread_blocked, id=7112, stack(0x00000030ca600000,0x00000030ca700000)]
  0x0000019f5a219f20 JavaThread "C2 CompilerThread0" daemon [_thread_blocked, id=13584, stack(0x00000030ca700000,0x00000030ca800000)]
  0x0000019f5a2390d0 JavaThread "C1 CompilerThread0" daemon [_thread_in_vm, id=16348, stack(0x00000030ca800000,0x00000030ca900000)]
  0x0000019f5a2442b0 JavaThread "Sweeper thread" daemon [_thread_blocked, id=6968, stack(0x00000030ca900000,0x00000030caa00000)]
  0x0000019f5a38fc20 JavaThread "Notification Thread" daemon [_thread_blocked, id=14152, stack(0x00000030caa00000,0x00000030cab00000)]
  0x0000019f5a390bb0 JavaThread "Common-Cleaner" daemon [_thread_blocked, id=15328, stack(0x00000030cac00000,0x00000030cad00000)]

Other Threads:
  0x0000019f59f76d50 VMThread "VM Thread" [stack: 0x00000030ca000000,0x00000030ca100000] [id=15548]
  0x0000019f5a390910 WatcherThread [stack: 0x00000030cab00000,0x00000030cac00000] [id=5616]
  0x0000019f3fb5aff0 GCTaskThread "GC Thread#0" [stack: 0x00000030c9b00000,0x00000030c9c00000] [id=8520]
  0x0000019f3fb67d80 ConcurrentGCThread "G1 Main Marker" [stack: 0x00000030c9c00000,0x00000030c9d00000] [id=13632]
  0x0000019f3fb68f40 ConcurrentGCThread "G1 Conc#0" [stack: 0x00000030c9d00000,0x00000030c9e00000] [id=12040]
  0x0000019f3fbbdc60 ConcurrentGCThread "G1 Refine#0" [stack: 0x00000030c9e00000,0x00000030c9f00000] [id=372]
  0x0000019f3fbbe690 ConcurrentGCThread "G1 Service" [stack: 0x00000030c9f00000,0x00000030ca000000] [id=6816]

Threads with active compile tasks:
C1 CompilerThread0     1013  389   !   3       java.util.ImmutableCollections$ListItr::next (34 bytes)

VM state: not at safepoint (normal execution)

VM Mutex/Monitor currently owned by a thread:  ([mutex/lock_event])
[0x0000019f3fb08250] Metaspace_lock - owner thread: 0x0000019f3fb0fe40
[0x0000019f3fb09530] MethodData_lock - owner thread: 0x0000019f5a2390d0

Heap address: 0x00000000a0e00000, size: 1522 MB, Compressed Oops mode: 32-bit

CDS archive(s) not mapped
Compressed class space mapped at: 0x0000000100000000-0x0000000140000000, reserved size: 1073741824
Narrow klass base: 0x0000000000000000, Narrow klass shift: 3, Narrow klass range: 0x140000000

GC Precious Log:
 CPUs: 4 total, 4 available
 Memory: 6086M
 Large Page Support: Disabled
 NUMA Support: Disabled
 Compressed Oops: Enabled (32-bit)
 Heap Region Size: 1M
 Heap Min Capacity: 8M
 Heap Initial Capacity: 96M
 Heap Max Capacity: 1522M
 Pre-touch: Disabled
 Parallel Workers: 4
 Concurrent Workers: 1
 Concurrent Refinement Workers: 4
 Periodic GC: Disabled

Heap:
 garbage-first heap   total 98304K, used 3072K [0x00000000a0e00000, 0x0000000100000000)
  region size 1024K, 4 young (4096K), 0 survivors (0K)
 Metaspace       used 9268K, committed 9408K, reserved 1114112K
  class space    used 861K, committed 960K, reserved 1048576K

Heap Regions: E=young(eden), S=young(survivor), O=old, HS=humongous(starts), HC=humongous(continues), CS=collection set, F=free, OA=open archive, CA=closed archive, TAMS=top-at-mark-start (previous, next)
|   0|0x00000000a0e00000, 0x00000000a0e00000, 0x00000000a0f00000|  0%| F|  |TAMS 0x00000000a0e00000, 0x00000000a0e00000| Untracked 
|   1|0x00000000a0f00000, 0x00000000a0f00000, 0x00000000a1000000|  0%| F|  |TAMS 0x00000000a0f00000, 0x00000000a0f00000| Untracked 
|   2|0x00000000a1000000, 0x00000000a1000000, 0x00000000a1100000|  0%| F|  |TAMS 0x00000000a1000000, 0x00000000a1000000| Untracked 
|   3|0x00000000a1100000, 0x00000000a1100000, 0x00000000a1200000|  0%| F|  |TAMS 0x00000000a1100000, 0x00000000a1100000| Untracked 
|   4|0x00000000a1200000, 0x00000000a1200000, 0x00000000a1300000|  0%| F|  |TAMS 0x00000000a1200000, 0x00000000a1200000| Untracked 
|   5|0x00000000a1300000, 0x00000000a1300000, 0x00000000a1400000|  0%| F|  |TAMS 0x00000000a1300000, 0x00000000a1300000| Untracked 
|   6|0x00000000a1400000, 0x00000000a1400000, 0x00000000a1500000|  0%| F|  |TAMS 0x00000000a1400000, 0x00000000a1400000| Untracked 
|   7|0x00000000a1500000, 0x00000000a1500000, 0x00000000a1600000|  0%| F|  |TAMS 0x00000000a1500000, 0x00000000a1500000| Untracked 
|   8|0x00000000a1600000, 0x00000000a1600000, 0x00000000a1700000|  0%| F|  |TAMS 0x00000000a1600000, 0x00000000a1600000| Untracked 
|   9|0x00000000a1700000, 0x00000000a1700000, 0x00000000a1800000|  0%| F|  |TAMS 0x00000000a1700000, 0x00000000a1700000| Untracked 
|  10|0x00000000a1800000, 0x00000000a1800000, 0x00000000a1900000|  0%| F|  |TAMS 0x00000000a1800000, 0x00000000a1800000| Untracked 
|  11|0x00000000a1900000, 0x00000000a1900000, 0x00000000a1a00000|  0%| F|  |TAMS 0x00000000a1900000, 0x00000000a1900000| Untracked 
|  12|0x00000000a1a00000, 0x00000000a1a00000, 0x00000000a1b00000|  0%| F|  |TAMS 0x00000000a1a00000, 0x00000000a1a00000| Untracked 
|  13|0x00000000a1b00000, 0x00000000a1b00000, 0x00000000a1c00000|  0%| F|  |TAMS 0x00000000a1b00000, 0x00000000a1b00000| Untracked 
|  14|0x00000000a1c00000, 0x00000000a1c00000, 0x00000000a1d00000|  0%| F|  |TAMS 0x00000000a1c00000, 0x00000000a1c00000| Untracked 
|  15|0x00000000a1d00000, 0x00000000a1d00000, 0x00000000a1e00000|  0%| F|  |TAMS 0x00000000a1d00000, 0x00000000a1d00000| Untracked 
|  16|0x00000000a1e00000, 0x00000000a1e00000, 0x00000000a1f00000|  0%| F|  |TAMS 0x00000000a1e00000, 0x00000000a1e00000| Untracked 
|  17|0x00000000a1f00000, 0x00000000a1f00000, 0x00000000a2000000|  0%| F|  |TAMS 0x00000000a1f00000, 0x00000000a1f00000| Untracked 
|  18|0x00000000a2000000, 0x00000000a2000000, 0x00000000a2100000|  0%| F|  |TAMS 0x00000000a2000000, 0x00000000a2000000| Untracked 
|  19|0x00000000a2100000, 0x00000000a2100000, 0x00000000a2200000|  0%| F|  |TAMS 0x00000000a2100000, 0x00000000a2100000| Untracked 
|  20|0x00000000a2200000, 0x00000000a2200000, 0x00000000a2300000|  0%| F|  |TAMS 0x00000000a2200000, 0x00000000a2200000| Untracked 
|  21|0x00000000a2300000, 0x00000000a2300000, 0x00000000a2400000|  0%| F|  |TAMS 0x00000000a2300000, 0x00000000a2300000| Untracked 
|  22|0x00000000a2400000, 0x00000000a2400000, 0x00000000a2500000|  0%| F|  |TAMS 0x00000000a2400000, 0x00000000a2400000| Untracked 
|  23|0x00000000a2500000, 0x00000000a2500000, 0x00000000a2600000|  0%| F|  |TAMS 0x00000000a2500000, 0x00000000a2500000| Untracked 
|  24|0x00000000a2600000, 0x00000000a2600000, 0x00000000a2700000|  0%| F|  |TAMS 0x00000000a2600000, 0x00000000a2600000| Untracked 
|  25|0x00000000a2700000, 0x00000000a2700000, 0x00000000a2800000|  0%| F|  |TAMS 0x00000000a2700000, 0x00000000a2700000| Untracked 
|  26|0x00000000a2800000, 0x00000000a2800000, 0x00000000a2900000|  0%| F|  |TAMS 0x00000000a2800000, 0x00000000a2800000| Untracked 
|  27|0x00000000a2900000, 0x00000000a2900000, 0x00000000a2a00000|  0%| F|  |TAMS 0x00000000a2900000, 0x00000000a2900000| Untracked 
|  28|0x00000000a2a00000, 0x00000000a2a00000, 0x00000000a2b00000|  0%| F|  |TAMS 0x00000000a2a00000, 0x00000000a2a00000| Untracked 
|  29|0x00000000a2b00000, 0x00000000a2b00000, 0x00000000a2c00000|  0%| F|  |TAMS 0x00000000a2b00000, 0x00000000a2b00000| Untracked 
|  30|0x00000000a2c00000, 0x00000000a2c00000, 0x00000000a2d00000|  0%| F|  |TAMS 0x00000000a2c00000, 0x00000000a2c00000| Untracked 
|  31|0x00000000a2d00000, 0x00000000a2d00000, 0x00000000a2e00000|  0%| F|  |TAMS 0x00000000a2d00000, 0x00000000a2d00000| Untracked 
|  32|0x00000000a2e00000, 0x00000000a2e00000, 0x00000000a2f00000|  0%| F|  |TAMS 0x00000000a2e00000, 0x00000000a2e00000| Untracked 
|  33|0x00000000a2f00000, 0x00000000a2f00000, 0x00000000a3000000|  0%| F|  |TAMS 0x00000000a2f00000, 0x00000000a2f00000| Untracked 
|  34|0x00000000a3000000, 0x00000000a3000000, 0x00000000a3100000|  0%| F|  |TAMS 0x00000000a3000000, 0x00000000a3000000| Untracked 
|  35|0x00000000a3100000, 0x00000000a3100000, 0x00000000a3200000|  0%| F|  |TAMS 0x00000000a3100000, 0x00000000a3100000| Untracked 
|  36|0x00000000a3200000, 0x00000000a3200000, 0x00000000a3300000|  0%| F|  |TAMS 0x00000000a3200000, 0x00000000a3200000| Untracked 
|  37|0x00000000a3300000, 0x00000000a3300000, 0x00000000a3400000|  0%| F|  |TAMS 0x00000000a3300000, 0x00000000a3300000| Untracked 
|  38|0x00000000a3400000, 0x00000000a3400000, 0x00000000a3500000|  0%| F|  |TAMS 0x00000000a3400000, 0x00000000a3400000| Untracked 
|  39|0x00000000a3500000, 0x00000000a3500000, 0x00000000a3600000|  0%| F|  |TAMS 0x00000000a3500000, 0x00000000a3500000| Untracked 
|  40|0x00000000a3600000, 0x00000000a3600000, 0x00000000a3700000|  0%| F|  |TAMS 0x00000000a3600000, 0x00000000a3600000| Untracked 
|  41|0x00000000a3700000, 0x00000000a3700000, 0x00000000a3800000|  0%| F|  |TAMS 0x00000000a3700000, 0x00000000a3700000| Untracked 
|  42|0x00000000a3800000, 0x00000000a3800000, 0x00000000a3900000|  0%| F|  |TAMS 0x00000000a3800000, 0x00000000a3800000| Untracked 
|  43|0x00000000a3900000, 0x00000000a3900000, 0x00000000a3a00000|  0%| F|  |TAMS 0x00000000a3900000, 0x00000000a3900000| Untracked 
|  44|0x00000000a3a00000, 0x00000000a3a00000, 0x00000000a3b00000|  0%| F|  |TAMS 0x00000000a3a00000, 0x00000000a3a00000| Untracked 
|  45|0x00000000a3b00000, 0x00000000a3b00000, 0x00000000a3c00000|  0%| F|  |TAMS 0x00000000a3b00000, 0x00000000a3b00000| Untracked 
|  46|0x00000000a3c00000, 0x00000000a3c00000, 0x00000000a3d00000|  0%| F|  |TAMS 0x00000000a3c00000, 0x00000000a3c00000| Untracked 
|  47|0x00000000a3d00000, 0x00000000a3d00000, 0x00000000a3e00000|  0%| F|  |TAMS 0x00000000a3d00000, 0x00000000a3d00000| Untracked 
|  48|0x00000000a3e00000, 0x00000000a3e00000, 0x00000000a3f00000|  0%| F|  |TAMS 0x00000000a3e00000, 0x00000000a3e00000| Untracked 
|  49|0x00000000a3f00000, 0x00000000a3f00000, 0x00000000a4000000|  0%| F|  |TAMS 0x00000000a3f00000, 0x00000000a3f00000| Untracked 
|  50|0x00000000a4000000, 0x00000000a4000000, 0x00000000a4100000|  0%| F|  |TAMS 0x00000000a4000000, 0x00000000a4000000| Untracked 
|  51|0x00000000a4100000, 0x00000000a4100000, 0x00000000a4200000|  0%| F|  |TAMS 0x00000000a4100000, 0x00000000a4100000| Untracked 
|  52|0x00000000a4200000, 0x00000000a4200000, 0x00000000a4300000|  0%| F|  |TAMS 0x00000000a4200000, 0x00000000a4200000| Untracked 
|  53|0x00000000a4300000, 0x00000000a4300000, 0x00000000a4400000|  0%| F|  |TAMS 0x00000000a4300000, 0x00000000a4300000| Untracked 
|  54|0x00000000a4400000, 0x00000000a4400000, 0x00000000a4500000|  0%| F|  |TAMS 0x00000000a4400000, 0x00000000a4400000| Untracked 
|  55|0x00000000a4500000, 0x00000000a4500000, 0x00000000a4600000|  0%| F|  |TAMS 0x00000000a4500000, 0x00000000a4500000| Untracked 
|  56|0x00000000a4600000, 0x00000000a4600000, 0x00000000a4700000|  0%| F|  |TAMS 0x00000000a4600000, 0x00000000a4600000| Untracked 
|  57|0x00000000a4700000, 0x00000000a4700000, 0x00000000a4800000|  0%| F|  |TAMS 0x00000000a4700000, 0x00000000a4700000| Untracked 
|  58|0x00000000a4800000, 0x00000000a4800000, 0x00000000a4900000|  0%| F|  |TAMS 0x00000000a4800000, 0x00000000a4800000| Untracked 
|  59|0x00000000a4900000, 0x00000000a4900000, 0x00000000a4a00000|  0%| F|  |TAMS 0x00000000a4900000, 0x00000000a4900000| Untracked 
|  60|0x00000000a4a00000, 0x00000000a4a00000, 0x00000000a4b00000|  0%| F|  |TAMS 0x00000000a4a00000, 0x00000000a4a00000| Untracked 
|  61|0x00000000a4b00000, 0x00000000a4b00000, 0x00000000a4c00000|  0%| F|  |TAMS 0x00000000a4b00000, 0x00000000a4b00000| Untracked 
|  62|0x00000000a4c00000, 0x00000000a4c00000, 0x00000000a4d00000|  0%| F|  |TAMS 0x00000000a4c00000, 0x00000000a4c00000| Untracked 
|  63|0x00000000a4d00000, 0x00000000a4d00000, 0x00000000a4e00000|  0%| F|  |TAMS 0x00000000a4d00000, 0x00000000a4d00000| Untracked 
|  64|0x00000000a4e00000, 0x00000000a4e00000, 0x00000000a4f00000|  0%| F|  |TAMS 0x00000000a4e00000, 0x00000000a4e00000| Untracked 
|  65|0x00000000a4f00000, 0x00000000a4f00000, 0x00000000a5000000|  0%| F|  |TAMS 0x00000000a4f00000, 0x00000000a4f00000| Untracked 
|  66|0x00000000a5000000, 0x00000000a5000000, 0x00000000a5100000|  0%| F|  |TAMS 0x00000000a5000000, 0x00000000a5000000| Untracked 
|  67|0x00000000a5100000, 0x00000000a5100000, 0x00000000a5200000|  0%| F|  |TAMS 0x00000000a5100000, 0x00000000a5100000| Untracked 
|  68|0x00000000a5200000, 0x00000000a5200000, 0x00000000a5300000|  0%| F|  |TAMS 0x00000000a5200000, 0x00000000a5200000| Untracked 
|  69|0x00000000a5300000, 0x00000000a5300000, 0x00000000a5400000|  0%| F|  |TAMS 0x00000000a5300000, 0x00000000a5300000| Untracked 
|  70|0x00000000a5400000, 0x00000000a5400000, 0x00000000a5500000|  0%| F|  |TAMS 0x00000000a5400000, 0x00000000a5400000| Untracked 
|  71|0x00000000a5500000, 0x00000000a5500000, 0x00000000a5600000|  0%| F|  |TAMS 0x00000000a5500000, 0x00000000a5500000| Untracked 
|  72|0x00000000a5600000, 0x00000000a5600000, 0x00000000a5700000|  0%| F|  |TAMS 0x00000000a5600000, 0x00000000a5600000| Untracked 
|  73|0x00000000a5700000, 0x00000000a5700000, 0x00000000a5800000|  0%| F|  |TAMS 0x00000000a5700000, 0x00000000a5700000| Untracked 
|  74|0x00000000a5800000, 0x00000000a5800000, 0x00000000a5900000|  0%| F|  |TAMS 0x00000000a5800000, 0x00000000a5800000| Untracked 
|  75|0x00000000a5900000, 0x00000000a5900000, 0x00000000a5a00000|  0%| F|  |TAMS 0x00000000a5900000, 0x00000000a5900000| Untracked 
|  76|0x00000000a5a00000, 0x00000000a5a00000, 0x00000000a5b00000|  0%| F|  |TAMS 0x00000000a5a00000, 0x00000000a5a00000| Untracked 
|  77|0x00000000a5b00000, 0x00000000a5b00000, 0x00000000a5c00000|  0%| F|  |TAMS 0x00000000a5b00000, 0x00000000a5b00000| Untracked 
|  78|0x00000000a5c00000, 0x00000000a5c00000, 0x00000000a5d00000|  0%| F|  |TAMS 0x00000000a5c00000, 0x00000000a5c00000| Untracked 
|  79|0x00000000a5d00000, 0x00000000a5d00000, 0x00000000a5e00000|  0%| F|  |TAMS 0x00000000a5d00000, 0x00000000a5d00000| Untracked 
|  80|0x00000000a5e00000, 0x00000000a5e00000, 0x00000000a5f00000|  0%| F|  |TAMS 0x00000000a5e00000, 0x00000000a5e00000| Untracked 
|  81|0x00000000a5f00000, 0x00000000a5f00000, 0x00000000a6000000|  0%| F|  |TAMS 0x00000000a5f00000, 0x00000000a5f00000| Untracked 
|  82|0x00000000a6000000, 0x00000000a6000000, 0x00000000a6100000|  0%| F|  |TAMS 0x00000000a6000000, 0x00000000a6000000| Untracked 
|  83|0x00000000a6100000, 0x00000000a6100000, 0x00000000a6200000|  0%| F|  |TAMS 0x00000000a6100000, 0x00000000a6100000| Untracked 
|  84|0x00000000a6200000, 0x00000000a6200000, 0x00000000a6300000|  0%| F|  |TAMS 0x00000000a6200000, 0x00000000a6200000| Untracked 
|  85|0x00000000a6300000, 0x00000000a6300000, 0x00000000a6400000|  0%| F|  |TAMS 0x00000000a6300000, 0x00000000a6300000| Untracked 
|  86|0x00000000a6400000, 0x00000000a6400000, 0x00000000a6500000|  0%| F|  |TAMS 0x00000000a6400000, 0x00000000a6400000| Untracked 
|  87|0x00000000a6500000, 0x00000000a6500000, 0x00000000a6600000|  0%| F|  |TAMS 0x00000000a6500000, 0x00000000a6500000| Untracked 
|  88|0x00000000a6600000, 0x00000000a6600000, 0x00000000a6700000|  0%| F|  |TAMS 0x00000000a6600000, 0x00000000a6600000| Untracked 
|  89|0x00000000a6700000, 0x00000000a6700000, 0x00000000a6800000|  0%| F|  |TAMS 0x00000000a6700000, 0x00000000a6700000| Untracked 
|  90|0x00000000a6800000, 0x00000000a6800000, 0x00000000a6900000|  0%| F|  |TAMS 0x00000000a6800000, 0x00000000a6800000| Untracked 
|  91|0x00000000a6900000, 0x00000000a6900000, 0x00000000a6a00000|  0%| F|  |TAMS 0x00000000a6900000, 0x00000000a6900000| Untracked 
|  92|0x00000000a6a00000, 0x00000000a6ac9138, 0x00000000a6b00000| 78%| E|  |TAMS 0x00000000a6a00000, 0x00000000a6a00000| Complete 
|  93|0x00000000a6b00000, 0x00000000a6c00000, 0x00000000a6c00000|100%| E|CS|TAMS 0x00000000a6b00000, 0x00000000a6b00000| Complete 
|  94|0x00000000a6c00000, 0x00000000a6d00000, 0x00000000a6d00000|100%| E|CS|TAMS 0x00000000a6c00000, 0x00000000a6c00000| Complete 
|  95|0x00000000a6d00000, 0x00000000a6e00000, 0x00000000a6e00000|100%| E|CS|TAMS 0x00000000a6d00000, 0x00000000a6d00000| Complete 

Card table byte_map: [0x0000019f54390000,0x0000019f54690000] _byte_map_base: 0x0000019f53e89000

Marking Bits (Prev, Next): (CMBitMap*) 0x0000019f3fb5b610, (CMBitMap*) 0x0000019f3fb5b650
 Prev Bits: [0x0000019f54990000, 0x0000019f56158000)
 Next Bits: [0x0000019f56160000, 0x0000019f57928000)

Polling page: 0x0000019f3fbc0000

Metaspace:

Usage:
  Non-class:      8.21 MB used.
      Class:    861.04 KB used.
       Both:      9.05 MB used.

Virtual space:
  Non-class space:       64.00 MB reserved,       8.25 MB ( 13%) committed,  1 nodes.
      Class space:        1.00 GB reserved,     960.00 KB ( <1%) committed,  1 nodes.
             Both:        1.06 GB reserved,       9.19 MB ( <1%) committed. 

Chunk freelists:
   Non-Class:  6.97 MB
       Class:  15.09 MB
        Both:  22.06 MB

MaxMetaspaceSize: unlimited
CompressedClassSpaceSize: 1.00 GB
Initial GC threshold: 21.00 MB
Current GC threshold: 21.00 MB
CDS: off
MetaspaceReclaimPolicy: balanced
 - commit_granule_bytes: 65536.
 - commit_granule_words: 8192.
 - virtual_space_node_default_size: 8388608.
 - enlarge_chunks_in_place: 1.
 - new_chunks_are_fully_committed: 0.
 - uncommit_free_chunks: 1.
 - use_allocation_guard: 0.
 - handle_deallocations: 1.


Internal statistics:

num_allocs_failed_limit: 0.
num_arena_births: 20.
num_arena_deaths: 0.
num_vsnodes_births: 2.
num_vsnodes_deaths: 0.
num_space_committed: 147.
num_space_uncommitted: 0.
num_chunks_returned_to_freelist: 0.
num_chunks_taken_from_freelist: 55.
num_chunk_merges: 0.
num_chunk_splits: 25.
num_chunks_enlarged: 12.
num_inconsistent_stats: 0.

CodeHeap 'non-profiled nmethods': size=120000Kb used=105Kb max_used=105Kb free=119894Kb
 bounds [0x0000019f4c530000, 0x0000019f4c7a0000, 0x0000019f53a60000]
CodeHeap 'profiled nmethods': size=120000Kb used=544Kb max_used=544Kb free=119455Kb
 bounds [0x0000019f44a60000, 0x0000019f44cd0000, 0x0000019f4bf90000]
CodeHeap 'non-nmethods': size=5760Kb used=1136Kb max_used=1153Kb free=4623Kb
 bounds [0x0000019f4bf90000, 0x0000019f4c200000, 0x0000019f4c530000]
 total_blobs=812 nmethods=390 adapters=335
 compilation: enabled
              stopped_count=0, restarted_count=0
 full_count=0

Compilation events (20 events):
Event: 0.944 Thread 0x0000019f5a2390d0 nmethod 379 0x0000019f44ae3910 code [0x0000019f44ae3ac0, 0x0000019f44ae3ca8]
Event: 0.945 Thread 0x0000019f5a2390d0  380       3       java.lang.ref.SoftReference::get (29 bytes)
Event: 0.945 Thread 0x0000019f5a2390d0 nmethod 380 0x0000019f44ae3d90 code [0x0000019f44ae3f20, 0x0000019f44ae40f8]
Event: 0.945 Thread 0x0000019f5a2390d0  381       3       sun.security.ssl.CipherSuite::supports (11 bytes)
Event: 0.945 Thread 0x0000019f5a2390d0 nmethod 381 0x0000019f44ae4190 code [0x0000019f44ae4340, 0x0000019f44ae4508]
Event: 0.945 Thread 0x0000019f5a2390d0  383       3       java.util.Arrays$ArrayList::indexOf (62 bytes)
Event: 0.946 Thread 0x0000019f5a2390d0 nmethod 383 0x0000019f44ae4610 code [0x0000019f44ae47e0, 0x0000019f44ae4c68]
Event: 0.946 Thread 0x0000019f5a2390d0  382       3       java.util.Arrays$ArrayList::contains (14 bytes)
Event: 0.946 Thread 0x0000019f5a2390d0 nmethod 382 0x0000019f44ae4e10 code [0x0000019f44ae4fc0, 0x0000019f44ae5168]
Event: 0.946 Thread 0x0000019f5a2390d0  384       3       java.util.ImmutableCollections$ListItr::hasNext (17 bytes)
Event: 0.946 Thread 0x0000019f5a2390d0 nmethod 384 0x0000019f44ae5210 code [0x0000019f44ae53a0, 0x0000019f44ae5518]
Event: 0.946 Thread 0x0000019f5a2390d0  385       3       sun.security.util.DisabledAlgorithmConstraints::permits (70 bytes)
Event: 0.947 Thread 0x0000019f5a2390d0 nmethod 385 0x0000019f44ae5590 code [0x0000019f44ae57a0, 0x0000019f44ae5e28]
Event: 0.947 Thread 0x0000019f5a2390d0  386       3       java.util.RegularEnumSet::isEmpty (15 bytes)
Event: 0.947 Thread 0x0000019f5a2390d0 nmethod 386 0x0000019f44ae6090 code [0x0000019f44ae6220, 0x0000019f44ae6398]
Event: 0.947 Thread 0x0000019f5a2390d0  388       3       java.util.LinkedHashMap::newNode (23 bytes)
Event: 0.948 Thread 0x0000019f5a2390d0 nmethod 388 0x0000019f44ae6410 code [0x0000019f44ae65e0, 0x0000019f44ae69c8]
Event: 0.948 Thread 0x0000019f5a2390d0  391   !   3       sun.security.util.DisabledAlgorithmConstraints::cachedCheckAlgorithm (116 bytes)
Event: 0.949 Thread 0x0000019f5a2390d0 nmethod 391 0x0000019f44ae6b90 code [0x0000019f44ae6e20, 0x0000019f44ae7d28]
Event: 0.949 Thread 0x0000019f5a2390d0  389   !   3       java.util.ImmutableCollections$ListItr::next (34 bytes)

GC Heap History (0 events):
No events

Dll operation events (1 events):
Event: 0.086 Loaded shared library C:\Program Files\JetBrains\IntelliJ IDEA Community Edition 2024.1.4\jbr\bin\java.dll

Deoptimization events (0 events):
No events

Classes unloaded (0 events):
No events

Classes redefined (0 events):
No events

Internal exceptions (7 events):
Event: 0.680 Thread 0x0000019f3fb0fe40 Exception <a 'sun/nio/fs/WindowsException'{0x00000000a6b76dc0}> (0x00000000a6b76dc0) 
thrown [s\src\hotspot\share\prims\jni.cpp, line 531]
Event: 0.850 Thread 0x0000019f3fb0fe40 Exception <a 'java/lang/NoSuchMethodError'{0x00000000a6ba2840}: 'int java.lang.invoke.DirectMethodHandle$Holder.invokeStaticInit(java.lang.Object, java.lang.Object, java.lang.Object, java.lang.Object)'> (0x00000000a6ba2840) 
thrown [s\src\hotspot\share\interpreter\linkResolver.cpp, line 771]
Event: 0.856 Thread 0x0000019f3fb0fe40 Exception <a 'java/lang/NoSuchMethodError'{0x00000000a6bad4a0}: 'java.lang.Object java.lang.invoke.DirectMethodHandle$Holder.invokeInterface(java.lang.Object, java.lang.Object)'> (0x00000000a6bad4a0) 
thrown [s\src\hotspot\share\interpreter\linkResolver.cpp, line 771]
Event: 0.857 Thread 0x0000019f3fb0fe40 Exception <a 'java/lang/IncompatibleClassChangeError'{0x00000000a6bb0dc0}: Found class java.lang.Object, but interface was expected> (0x00000000a6bb0dc0) 
thrown [s\src\hotspot\share\interpreter\linkResolver.cpp, line 838]
Event: 0.858 Thread 0x0000019f3fb0fe40 Exception <a 'java/lang/NoSuchMethodError'{0x00000000a6bb4170}: 'void java.lang.invoke.DirectMethodHandle$Holder.invokeStatic(java.lang.Object, java.lang.Object)'> (0x00000000a6bb4170) 
thrown [s\src\hotspot\share\interpreter\linkResolver.cpp, line 771]
Event: 0.859 Thread 0x0000019f3fb0fe40 Exception <a 'java/lang/NoSuchMethodError'{0x00000000a6bb7a88}: 'void java.lang.invoke.DirectMethodHandle$Holder.invokeStaticInit(java.lang.Object, java.lang.Object)'> (0x00000000a6bb7a88) 
thrown [s\src\hotspot\share\interpreter\linkResolver.cpp, line 771]
Event: 0.862 Thread 0x0000019f3fb0fe40 Exception <a 'java/lang/NoSuchMethodError'{0x00000000a6bbe480}: 'int java.lang.invoke.DirectMethodHandle$Holder.invokeStaticInit(java.lang.Object, java.lang.Object)'> (0x00000000a6bbe480) 
thrown [s\src\hotspot\share\interpreter\linkResolver.cpp, line 771]

VM Operations (4 events):
Event: 0.430 Executing VM operation: HandshakeAllThreads
Event: 0.430 Executing VM operation: HandshakeAllThreads done
Event: 0.462 Executing VM operation: HandshakeAllThreads
Event: 0.462 Executing VM operation: HandshakeAllThreads done

Events (20 events):
Event: 0.926 loading class sun/security/util/ECUtil done
Event: 0.927 loading class java/security/AlgorithmParameters
Event: 0.927 loading class java/security/AlgorithmParameters done
Event: 0.927 loading class java/security/AlgorithmParametersSpi
Event: 0.927 loading class java/security/AlgorithmParametersSpi done
Event: 0.927 loading class sun/security/util/ECParameters
Event: 0.927 loading class sun/security/util/ECParameters done
Event: 0.927 loading class sun/security/util/ECKeySizeParameterSpec
Event: 0.927 loading class sun/security/util/ECKeySizeParameterSpec done
Event: 0.927 loading class java/security/spec/ECGenParameterSpec
Event: 0.927 loading class java/security/spec/NamedParameterSpec
Event: 0.927 loading class java/security/spec/NamedParameterSpec done
Event: 0.927 loading class java/security/spec/ECGenParameterSpec done
Event: 0.927 loading class java/security/KeyPairGenerator$Delegate
Event: 0.927 loading class java/security/KeyPairGenerator$Delegate done
Event: 0.946 loading class sun/security/ssl/SSLContextImpl$CustomizedSSLProtocols
Event: 0.946 loading class sun/security/ssl/SSLContextImpl$CustomizedSSLProtocols done
Event: 0.948 loading class java/util/concurrent/locks/ReentrantLock$NonfairSync
Event: 0.948 loading class java/util/concurrent/locks/ReentrantLock$Sync
Event: 0.948 loading class java/util/concurrent/locks/AbstractQueuedSynchronizer


Dynamic libraries:
0x00007ff7febb0000 - 0x00007ff7febba000 	C:\Program Files\JetBrains\IntelliJ IDEA Community Edition 2024.1.4\jbr\bin\java.exe
0x00007ffcd2610000 - 0x00007ffcd2827000 	C:\WINDOWS\SYSTEM32\ntdll.dll
0x00007ffcd07c0000 - 0x00007ffcd0884000 	C:\WINDOWS\System32\KERNEL32.DLL
0x00007ffccf9c0000 - 0x00007ffccfd6d000 	C:\WINDOWS\System32\KERNELBASE.dll
0x00007ffccfee0000 - 0x00007ffccfff1000 	C:\WINDOWS\System32\ucrtbase.dll
0x00007ffc93850000 - 0x00007ffc93867000 	C:\Program Files\JetBrains\IntelliJ IDEA Community Edition 2024.1.4\jbr\bin\jli.dll
0x00007ffcd1940000 - 0x00007ffcd1aee000 	C:\WINDOWS\System32\USER32.dll
0x00007ffcd0320000 - 0x00007ffcd0346000 	C:\WINDOWS\System32\win32u.dll
0x00007ffcd1300000 - 0x00007ffcd1329000 	C:\WINDOWS\System32\GDI32.dll
0x00007ffcd0110000 - 0x00007ffcd0229000 	C:\WINDOWS\System32\gdi32full.dll
0x00007ffcd0070000 - 0x00007ffcd010a000 	C:\WINDOWS\System32\msvcp_win.dll
0x00007ffcbb210000 - 0x00007ffcbb4a3000 	C:\WINDOWS\WinSxS\amd64_microsoft.windows.common-controls_6595b64144ccf1df_6.0.22621.3672_none_2713b9d173822955\COMCTL32.dll
0x00007ffcd16e0000 - 0x00007ffcd1787000 	C:\WINDOWS\System32\msvcrt.dll
0x00007ffcc8a70000 - 0x00007ffcc8a8b000 	C:\Program Files\JetBrains\IntelliJ IDEA Community Edition 2024.1.4\jbr\bin\VCRUNTIME140.dll
0x00007ffcd1b70000 - 0x00007ffcd1ba1000 	C:\WINDOWS\System32\IMM32.DLL
0x00007ffccb850000 - 0x00007ffccb85c000 	C:\Program Files\JetBrains\IntelliJ IDEA Community Edition 2024.1.4\jbr\bin\vcruntime140_1.dll
0x00007ffc94fd0000 - 0x00007ffc9505d000 	C:\Program Files\JetBrains\IntelliJ IDEA Community Edition 2024.1.4\jbr\bin\msvcp140.dll
0x00007ffc93ed0000 - 0x00007ffc94b53000 	C:\Program Files\JetBrains\IntelliJ IDEA Community Edition 2024.1.4\jbr\bin\server\jvm.dll
0x00007ffcd0520000 - 0x00007ffcd05d2000 	C:\WINDOWS\System32\ADVAPI32.dll
0x00007ffcd1bb0000 - 0x00007ffcd1c59000 	C:\WINDOWS\System32\sechost.dll
0x00007ffcd02f0000 - 0x00007ffcd0318000 	C:\WINDOWS\System32\bcrypt.dll
0x00007ffcd0400000 - 0x00007ffcd0514000 	C:\WINDOWS\System32\RPCRT4.dll
0x00007ffccf800000 - 0x00007ffccf84d000 	C:\WINDOWS\SYSTEM32\POWRPROF.dll
0x00007ffcc8c90000 - 0x00007ffcc8c99000 	C:\WINDOWS\SYSTEM32\WSOCK32.dll
0x00007ffcd1af0000 - 0x00007ffcd1b61000 	C:\WINDOWS\System32\WS2_32.dll
0x00007ffccb810000 - 0x00007ffccb844000 	C:\WINDOWS\SYSTEM32\WINMM.dll
0x00007ffcc6dc0000 - 0x00007ffcc6dca000 	C:\WINDOWS\SYSTEM32\VERSION.dll
0x00007ffccf7e0000 - 0x00007ffccf7f3000 	C:\WINDOWS\SYSTEM32\UMPDC.dll
0x00007ffcce940000 - 0x00007ffcce958000 	C:\WINDOWS\SYSTEM32\kernel.appcore.dll
0x00007ffcb8f10000 - 0x00007ffcb8f1a000 	C:\Program Files\JetBrains\IntelliJ IDEA Community Edition 2024.1.4\jbr\bin\jimage.dll
0x00007ffcc87d0000 - 0x00007ffcc8a02000 	C:\WINDOWS\SYSTEM32\DBGHELP.DLL
0x00007ffcd1350000 - 0x00007ffcd16d8000 	C:\WINDOWS\System32\combase.dll
0x00007ffcd06e0000 - 0x00007ffcd07b7000 	C:\WINDOWS\System32\OLEAUT32.dll
0x00007ffcb2290000 - 0x00007ffcb22c2000 	C:\WINDOWS\SYSTEM32\dbgcore.DLL
0x00007ffccf940000 - 0x00007ffccf9bb000 	C:\WINDOWS\System32\bcryptPrimitives.dll
0x00007ffc93ea0000 - 0x00007ffc93ec5000 	C:\Program Files\JetBrains\IntelliJ IDEA Community Edition 2024.1.4\jbr\bin\java.dll
0x00007ffcab410000 - 0x00007ffcab428000 	C:\Program Files\JetBrains\IntelliJ IDEA Community Edition 2024.1.4\jbr\bin\zip.dll
0x00007ffcd1c70000 - 0x00007ffcd24cf000 	C:\WINDOWS\System32\SHELL32.dll
0x00007ffccd840000 - 0x00007ffcce13c000 	C:\WINDOWS\SYSTEM32\windows.storage.dll
0x00007ffccd700000 - 0x00007ffccd83f000 	C:\WINDOWS\SYSTEM32\wintypes.dll
0x00007ffcd24d0000 - 0x00007ffcd25c4000 	C:\WINDOWS\System32\SHCORE.dll
0x00007ffcd10d0000 - 0x00007ffcd112e000 	C:\WINDOWS\System32\shlwapi.dll
0x00007ffccf870000 - 0x00007ffccf891000 	C:\WINDOWS\SYSTEM32\profapi.dll
0x00007ffc93e80000 - 0x00007ffc93e99000 	C:\Program Files\JetBrains\IntelliJ IDEA Community Edition 2024.1.4\jbr\bin\net.dll
0x00007ffccb5c0000 - 0x00007ffccb6f6000 	C:\WINDOWS\SYSTEM32\WINHTTP.dll
0x00007ffccedc0000 - 0x00007ffccee29000 	C:\WINDOWS\system32\mswsock.dll
0x00007ffc93e60000 - 0x00007ffc93e76000 	C:\Program Files\JetBrains\IntelliJ IDEA Community Edition 2024.1.4\jbr\bin\nio.dll

dbghelp: loaded successfully - version: 4.0.5 - missing functions: none
symbol engine: initialized successfully - sym options: 0x614 - pdb path: .;C:\Program Files\JetBrains\IntelliJ IDEA Community Edition 2024.1.4\jbr\bin;C:\WINDOWS\SYSTEM32;C:\WINDOWS\WinSxS\amd64_microsoft.windows.common-controls_6595b64144ccf1df_6.0.22621.3672_none_2713b9d173822955;C:\Program Files\JetBrains\IntelliJ IDEA Community Edition 2024.1.4\jbr\bin\server

VM Arguments:
java_command: git4idea.http.GitAskPassApp Username for 'https://github.com': 
java_class_path (initial): C:/Program Files/JetBrains/IntelliJ IDEA Community Edition 2024.1.4/plugins/vcs-git/lib/git4idea-rt.jar;C:/Program Files/JetBrains/IntelliJ IDEA Community Edition 2024.1.4/lib/externalProcess-rt.jar
Launcher Type: SUN_STANDARD

[Global flags]
     intx CICompilerCount                          = 3                                         {product} {ergonomic}
     uint ConcGCThreads                            = 1                                         {product} {ergonomic}
     uint G1ConcRefinementThreads                  = 4                                         {product} {ergonomic}
   size_t G1HeapRegionSize                         = 1048576                                   {product} {ergonomic}
    uintx GCDrainStackTargetSize                   = 64                                        {product} {ergonomic}
   size_t InitialHeapSize                          = 100663296                                 {product} {ergonomic}
   size_t MarkStackSize                            = 4194304                                   {product} {ergonomic}
   size_t MaxHeapSize                              = 1595932672                                {product} {ergonomic}
   size_t MaxNewSize                               = 957349888                                 {product} {ergonomic}
   size_t MinHeapDeltaBytes                        = 1048576                                   {product} {ergonomic}
   size_t MinHeapSize                              = 8388608                                   {product} {ergonomic}
    uintx NonNMethodCodeHeapSize                   = 5832780                                {pd product} {ergonomic}
    uintx NonProfiledCodeHeapSize                  = 122912730                              {pd product} {ergonomic}
    uintx ProfiledCodeHeapSize                     = 122912730                              {pd product} {ergonomic}
    uintx ReservedCodeCacheSize                    = 251658240                              {pd product} {ergonomic}
     bool SegmentedCodeCache                       = true                                      {product} {ergonomic}
   size_t SoftMaxHeapSize                          = 1595932672                             {manageable} {ergonomic}
     bool UseCompressedClassPointers               = true                           {product lp64_product} {ergonomic}
     bool UseCompressedOops                        = true                           {product lp64_product} {ergonomic}
     bool UseG1GC                                  = true                                      {product} {ergonomic}
     bool UseLargePagesIndividualAllocation        = false                                  {pd product} {ergonomic}

Logging:
Log output configuration:
 #0: stdout all=warning uptime,level,tags
 #1: stderr all=off uptime,level,tags

Environment Variables:
JAVA_HOME=C:\Program Files\Java\jdk-15.0.2
PATH=C:\Program Files\Git\mingw64\libexec\git-core;C:\Program Files\Git\mingw64\libexec\git-core;C:\Program Files\Git\mingw64\bin;C:\Program Files\Git\usr\bin;C:\Users\AAMEEN\bin;C:\Program Files\Common Files\Oracle\Java\javapath;C:\WINDOWS\system32;C:\WINDOWS;C:\WINDOWS\System32\Wbem;C:\WINDOWS\System32\WindowsPowerShell\v1.0;C:\WINDOWS\System32\OpenSSH;C:\Program Files\Java\jdk-15.0.2\bin;C:\Program Files\Git\cmd;C:\Program Files\MySQL\MySQL Server 8.0\bin;C:\Program Files\MySQL\MySQL Server 5.5\bin;C:\Users\AAMEEN\AppData\Local\Microsoft\WindowsApps;C:\Program Files\Java\jdk-17.0.1\bin;C:\Users\AAMEEN\AppData\Local\Programs\Microsoft VS Code\bin;C:\Program Files\JetBrains\IntelliJ IDEA Community Edition 2024.1.4\bin
USERNAME=AAMEEN
DISPLAY=:0.0
LC_ALL=en_US.UTF-8
TERM=xterm-256color
TMPDIR=C:\Users\AAMEEN\AppData\Local\Temp
OS=Windows_NT
PROCESSOR_IDENTIFIER=AMD64 Family 23 Model 24 Stepping 1, AuthenticAMD
TMP=C:\Users\AAMEEN\AppData\Local\Temp
TEMP=C:\Users\AAMEEN\AppData\Local\Temp



Periodic native trim disabled

JNI global refs:
JNI global refs: 7, weak refs: 0

JNI global refs memory usage: 843, weak refs: 209

Process memory usage:
Resident Set Size: 44136K (0% of 6232908K total physical memory with 310384K free physical memory)

OOME stack traces (most recent first):
Classloader memory used:
Loader bootstrap                                                                       : 1148K
Loader jdk.internal.loader.ClassLoaders$PlatformClassLoader                            : 8796B
Loader jdk.internal.loader.ClassLoaders$AppClassLoader                                 : 1808B


---------------  S Y S T E M  ---------------

OS:
 Windows 11 , 64 bit Build 22621 (10.0.22621.3672)
OS uptime: 0 days 1:03 hours
Hyper-V role detected

CPU: total 4 (initial active 4) (4 cores per cpu, 2 threads per core) family 23 model 24 stepping 1 microcode 0x0, cx8, cmov, fxsr, ht, mmx, 3dnowpref, sse, sse2, sse3, ssse3, sse4a, sse4.1, sse4.2, popcnt, lzcnt, tsc, tscinvbit, avx, avx2, aes, clmul, bmi1, bmi2, adx, sha, fma, vzeroupper, clflush, clflushopt, hv
Processor Information for all 4 processors :
  Max Mhz: 2600, Current Mhz: 2600, Mhz Limit: 2600

Memory: 4k page, system-wide physical 6086M (303M free)
TotalPageFile size 10182M (AvailPageFile size 1M)
current process WorkingSet (physical memory assigned to process): 43M, peak: 43M
current process commit charge ("private bytes"): 169M, peak: 170M

vm_info: OpenJDK 64-Bit Server VM (17.0.11+1-b1207.24) for windows-amd64 JRE (17.0.11+1-b1207.24), built on 2024-05-15 by "builduser" with MS VC++ 16.10 / 16.11 (VS2019)

END.
